

Started GET "/" for ::1 at 2015-01-27 10:32:31 +0000
Processing by Rails::WelcomeController#index as HTML
  Rendered /Users/hpwork/.rbenv/versions/2.1.5/lib/ruby/gems/2.1.0/gems/railties-4.2.0/lib/rails/templates/rails/welcome/index.html.erb (1.5ms)
Completed 200 OK in 17ms (Views: 9.4ms | ActiveRecord: 0.0ms)


Started GET "/" for ::1 at 2015-01-27 10:32:35 +0000
Processing by Rails::WelcomeController#index as HTML
  Rendered /Users/hpwork/.rbenv/versions/2.1.5/lib/ruby/gems/2.1.0/gems/railties-4.2.0/lib/rails/templates/rails/welcome/index.html.erb (0.0ms)
Completed 200 OK in 1ms (Views: 0.7ms | ActiveRecord: 0.0ms)


Started GET "/properties" for ::1 at 2015-01-27 10:32:55 +0000

SyntaxError (/Users/hpwork/development-environment/apps/public_playground/public_property_frontend/app/controllers/properties_controller.rb:11: syntax error, unexpected =>, expecting keyword_end
    properties = :property => {:street => 'Murhill Lane', ...
                             ^):
  app/controllers/properties_controller.rb:11: syntax error, unexpected =>, expecting keyword_end


  Rendered /Users/hpwork/.rbenv/versions/2.1.5/lib/ruby/gems/2.1.0/gems/web-console-2.0.0/lib/action_dispatch/templates/rescues/_source.erb (3.8ms)
  Rendered /Users/hpwork/.rbenv/versions/2.1.5/lib/ruby/gems/2.1.0/gems/web-console-2.0.0/lib/action_dispatch/templates/rescues/_trace.html.erb (1.6ms)
  Rendered /Users/hpwork/.rbenv/versions/2.1.5/lib/ruby/gems/2.1.0/gems/web-console-2.0.0/lib/action_dispatch/templates/rescues/_request_and_response.html.erb (0.9ms)
  Rendered /Users/hpwork/.rbenv/versions/2.1.5/lib/ruby/gems/2.1.0/gems/web-console-2.0.0/lib/action_dispatch/templates/rescues/_web_console.html.erb (1.3ms)
  Rendered /Users/hpwork/.rbenv/versions/2.1.5/lib/ruby/gems/2.1.0/gems/web-console-2.0.0/lib/action_dispatch/templates/rescues/diagnostics.html.erb within rescues/layout (26.1ms)


Started GET "/properties" for ::1 at 2015-01-27 10:35:10 +0000
Processing by PropertiesController#index as HTML
Completed 500 Internal Server Error in 8ms

TypeError (no implicit conversion of Hash into String):
  app/controllers/properties_controller.rb:12:in `index'


  Rendered /Users/hpwork/.rbenv/versions/2.1.5/lib/ruby/gems/2.1.0/gems/web-console-2.0.0/lib/action_dispatch/templates/rescues/_source.erb (4.2ms)
  Rendered /Users/hpwork/.rbenv/versions/2.1.5/lib/ruby/gems/2.1.0/gems/web-console-2.0.0/lib/action_dispatch/templates/rescues/_trace.html.erb (2.0ms)
  Rendered /Users/hpwork/.rbenv/versions/2.1.5/lib/ruby/gems/2.1.0/gems/web-console-2.0.0/lib/action_dispatch/templates/rescues/_request_and_response.html.erb (0.6ms)
  Rendered /Users/hpwork/.rbenv/versions/2.1.5/lib/ruby/gems/2.1.0/gems/web-console-2.0.0/lib/action_dispatch/templates/rescues/_web_console.html.erb (0.7ms)
  Rendered /Users/hpwork/.rbenv/versions/2.1.5/lib/ruby/gems/2.1.0/gems/web-console-2.0.0/lib/action_dispatch/templates/rescues/diagnostics.html.erb within rescues/layout (19.5ms)


Started GET "/properties" for ::1 at 2015-01-27 10:36:21 +0000
Processing by PropertiesController#index as HTML
  Rendered properties/index.html.erb within layouts/application (5.0ms)
Completed 500 Internal Server Error in 20ms

ActionView::Template::Error (no implicit conversion of Symbol into Integer):
    12:   <tbody>
    13:     <% @properties.each do |property| %>
    14:       <tr>
    15:         <td><%= property[:street] %></td>
    16:         <td><%= property[:postcode] %></td>
    17:         <td><%= %></td>
    18:       </tr>
  app/views/properties/index.html.erb:15:in `[]'
  app/views/properties/index.html.erb:15:in `block in _app_views_properties_index_html_erb___2200179407166905588_70318389030160'
  app/views/properties/index.html.erb:13:in `each'
  app/views/properties/index.html.erb:13:in `_app_views_properties_index_html_erb___2200179407166905588_70318389030160'


  Rendered /Users/hpwork/.rbenv/versions/2.1.5/lib/ruby/gems/2.1.0/gems/web-console-2.0.0/lib/action_dispatch/templates/rescues/_source.erb (4.6ms)
  Rendered /Users/hpwork/.rbenv/versions/2.1.5/lib/ruby/gems/2.1.0/gems/web-console-2.0.0/lib/action_dispatch/templates/rescues/_trace.html.erb (2.1ms)
  Rendered /Users/hpwork/.rbenv/versions/2.1.5/lib/ruby/gems/2.1.0/gems/web-console-2.0.0/lib/action_dispatch/templates/rescues/_request_and_response.html.erb (0.6ms)
  Rendered /Users/hpwork/.rbenv/versions/2.1.5/lib/ruby/gems/2.1.0/gems/web-console-2.0.0/lib/action_dispatch/templates/rescues/_web_console.html.erb (0.7ms)
  Rendered /Users/hpwork/.rbenv/versions/2.1.5/lib/ruby/gems/2.1.0/gems/web-console-2.0.0/lib/action_dispatch/templates/rescues/template_error.html.erb within rescues/layout (20.3ms)


Started GET "/properties" for ::1 at 2015-01-27 10:40:01 +0000
Processing by PropertiesController#index as HTML
Completed 500 Internal Server Error in 8ms

TypeError (no implicit conversion of Hash into String):
  app/controllers/properties_controller.rb:13:in `index'


  Rendered /Users/hpwork/.rbenv/versions/2.1.5/lib/ruby/gems/2.1.0/gems/web-console-2.0.0/lib/action_dispatch/templates/rescues/_source.erb (3.5ms)
  Rendered /Users/hpwork/.rbenv/versions/2.1.5/lib/ruby/gems/2.1.0/gems/web-console-2.0.0/lib/action_dispatch/templates/rescues/_trace.html.erb (1.6ms)
  Rendered /Users/hpwork/.rbenv/versions/2.1.5/lib/ruby/gems/2.1.0/gems/web-console-2.0.0/lib/action_dispatch/templates/rescues/_request_and_response.html.erb (0.7ms)
  Rendered /Users/hpwork/.rbenv/versions/2.1.5/lib/ruby/gems/2.1.0/gems/web-console-2.0.0/lib/action_dispatch/templates/rescues/_web_console.html.erb (0.7ms)
  Rendered /Users/hpwork/.rbenv/versions/2.1.5/lib/ruby/gems/2.1.0/gems/web-console-2.0.0/lib/action_dispatch/templates/rescues/diagnostics.html.erb within rescues/layout (18.7ms)


Started GET "/properties" for ::1 at 2015-01-27 10:43:47 +0000
Processing by PropertiesController#index as HTML
  Rendered properties/index.html.erb within layouts/application (3.7ms)
Completed 500 Internal Server Error in 17ms

ActionView::Template::Error (no implicit conversion of Symbol into Integer):
    12:   <tbody>
    13:     <% @properties.each do |property| %>
    14:       <tr>
    15:         <td><%= property[:street] %></td>
    16:         <td><%= property[:postcode] %></td>
    17:         <td><%= %></td>
    18:       </tr>
  app/views/properties/index.html.erb:15:in `[]'
  app/views/properties/index.html.erb:15:in `block in _app_views_properties_index_html_erb__2113847160519680168_70140165572000'
  app/views/properties/index.html.erb:13:in `each'
  app/views/properties/index.html.erb:13:in `_app_views_properties_index_html_erb__2113847160519680168_70140165572000'


  Rendered /Users/hpwork/.rbenv/versions/2.1.5/lib/ruby/gems/2.1.0/gems/web-console-2.0.0/lib/action_dispatch/templates/rescues/_source.erb (4.5ms)
  Rendered /Users/hpwork/.rbenv/versions/2.1.5/lib/ruby/gems/2.1.0/gems/web-console-2.0.0/lib/action_dispatch/templates/rescues/_trace.html.erb (1.8ms)
  Rendered /Users/hpwork/.rbenv/versions/2.1.5/lib/ruby/gems/2.1.0/gems/web-console-2.0.0/lib/action_dispatch/templates/rescues/_request_and_response.html.erb (0.7ms)
  Rendered /Users/hpwork/.rbenv/versions/2.1.5/lib/ruby/gems/2.1.0/gems/web-console-2.0.0/lib/action_dispatch/templates/rescues/_web_console.html.erb (0.7ms)
  Rendered /Users/hpwork/.rbenv/versions/2.1.5/lib/ruby/gems/2.1.0/gems/web-console-2.0.0/lib/action_dispatch/templates/rescues/template_error.html.erb within rescues/layout (19.4ms)


Started GET "/properties" for ::1 at 2015-01-27 10:44:29 +0000
Processing by PropertiesController#index as HTML
  Rendered properties/index.html.erb within layouts/application (3.3ms)
Completed 500 Internal Server Error in 17ms

ActionView::Template::Error (no implicit conversion of Symbol into Integer):
    12:   <tbody>
    13:     <% @properties.each do |property| %>
    14:       <tr>
    15:         <td><%= property[:street] %></td>
    16:         <td><%= property[:postcode] %></td>
    17:         <td><%= %></td>
    18:       </tr>
  app/views/properties/index.html.erb:15:in `[]'
  app/views/properties/index.html.erb:15:in `block in _app_views_properties_index_html_erb___4287020133348910038_70184128948600'
  app/views/properties/index.html.erb:13:in `each'
  app/views/properties/index.html.erb:13:in `_app_views_properties_index_html_erb___4287020133348910038_70184128948600'


  Rendered /Users/hpwork/.rbenv/versions/2.1.5/lib/ruby/gems/2.1.0/gems/web-console-2.0.0/lib/action_dispatch/templates/rescues/_source.erb (4.8ms)
  Rendered /Users/hpwork/.rbenv/versions/2.1.5/lib/ruby/gems/2.1.0/gems/web-console-2.0.0/lib/action_dispatch/templates/rescues/_trace.html.erb (2.1ms)
  Rendered /Users/hpwork/.rbenv/versions/2.1.5/lib/ruby/gems/2.1.0/gems/web-console-2.0.0/lib/action_dispatch/templates/rescues/_request_and_response.html.erb (0.7ms)
  Rendered /Users/hpwork/.rbenv/versions/2.1.5/lib/ruby/gems/2.1.0/gems/web-console-2.0.0/lib/action_dispatch/templates/rescues/_web_console.html.erb (0.6ms)
  Rendered /Users/hpwork/.rbenv/versions/2.1.5/lib/ruby/gems/2.1.0/gems/web-console-2.0.0/lib/action_dispatch/templates/rescues/template_error.html.erb within rescues/layout (19.8ms)


Started GET "/properties" for ::1 at 2015-01-27 10:45:40 +0000
Processing by PropertiesController#index as HTML
  Rendered properties/index.html.erb within layouts/application (1.0ms)
Completed 200 OK in 922ms (Views: 914.9ms | ActiveRecord: 0.0ms)


Started GET "/assets/properties-64e62ddc273c2f5847f30d698ca14b67.css?body=1" for ::1 at 2015-01-27 10:45:41 +0000


Started GET "/assets/scaffolds-f8d7cbcaae0d08b4fc112e6fc88b96ef.css?body=1" for ::1 at 2015-01-27 10:45:41 +0000


Started GET "/assets/application-14006496e5a21aa2f09505e0756b055f.css?body=1" for ::1 at 2015-01-27 10:45:41 +0000


Started GET "/assets/jquery_ujs-e27bd20a10d28155845a22d71ef94f2f.js?body=1" for ::1 at 2015-01-27 10:45:41 +0000


Started GET "/assets/jquery-87424c3c19e96d4fb033c10ebe21ec40.js?body=1" for ::1 at 2015-01-27 10:45:41 +0000


Started GET "/assets/properties-fcec5b5a277ac7c20cc9f45a209a3bcd.js?body=1" for ::1 at 2015-01-27 10:45:41 +0000


Started GET "/assets/turbolinks-686d2bf7d9d383528c901c64187a8c31.js?body=1" for ::1 at 2015-01-27 10:45:41 +0000


Started GET "/assets/application-e93ffa4c2db8481b68b569045c04c777.js?body=1" for ::1 at 2015-01-27 10:45:41 +0000


Started GET "/properties" for ::1 at 2015-01-27 10:46:04 +0000
Processing by PropertiesController#index as HTML
  Rendered properties/index.html.erb within layouts/application (0.1ms)
Completed 200 OK in 38ms (Views: 37.8ms | ActiveRecord: 0.0ms)


Started GET "/assets/properties-64e62ddc273c2f5847f30d698ca14b67.css?body=1" for ::1 at 2015-01-27 10:46:04 +0000


Started GET "/assets/scaffolds-f8d7cbcaae0d08b4fc112e6fc88b96ef.css?body=1" for ::1 at 2015-01-27 10:46:04 +0000


Started GET "/assets/application-14006496e5a21aa2f09505e0756b055f.css?body=1" for ::1 at 2015-01-27 10:46:04 +0000


Started GET "/assets/jquery-87424c3c19e96d4fb033c10ebe21ec40.js?body=1" for ::1 at 2015-01-27 10:46:04 +0000


Started GET "/assets/turbolinks-686d2bf7d9d383528c901c64187a8c31.js?body=1" for ::1 at 2015-01-27 10:46:04 +0000


Started GET "/assets/jquery_ujs-e27bd20a10d28155845a22d71ef94f2f.js?body=1" for ::1 at 2015-01-27 10:46:04 +0000


Started GET "/assets/properties-fcec5b5a277ac7c20cc9f45a209a3bcd.js?body=1" for ::1 at 2015-01-27 10:46:04 +0000


Started GET "/assets/application-e93ffa4c2db8481b68b569045c04c777.js?body=1" for ::1 at 2015-01-27 10:46:04 +0000


Started GET "/properties" for 127.0.0.1 at 2015-01-27 10:46:13 +0000
Processing by PropertiesController#index as HTML
  Rendered properties/index.html.erb within layouts/application (1.1ms)
Completed 200 OK in 102ms (Views: 95.4ms | ActiveRecord: 0.0ms)


Started GET "/assets/properties-64e62ddc273c2f5847f30d698ca14b67.css?body=1" for 127.0.0.1 at 2015-01-27 10:46:13 +0000


Started GET "/assets/scaffolds-f8d7cbcaae0d08b4fc112e6fc88b96ef.css?body=1" for 127.0.0.1 at 2015-01-27 10:46:13 +0000


Started GET "/assets/jquery_ujs-e27bd20a10d28155845a22d71ef94f2f.js?body=1" for 127.0.0.1 at 2015-01-27 10:46:13 +0000


Started GET "/assets/application-14006496e5a21aa2f09505e0756b055f.css?body=1" for 127.0.0.1 at 2015-01-27 10:46:13 +0000


Started GET "/assets/jquery-87424c3c19e96d4fb033c10ebe21ec40.js?body=1" for 127.0.0.1 at 2015-01-27 10:46:13 +0000


Started GET "/assets/properties-fcec5b5a277ac7c20cc9f45a209a3bcd.js?body=1" for 127.0.0.1 at 2015-01-27 10:46:13 +0000


Started GET "/assets/turbolinks-686d2bf7d9d383528c901c64187a8c31.js?body=1" for 127.0.0.1 at 2015-01-27 10:46:13 +0000


Started GET "/assets/application-e93ffa4c2db8481b68b569045c04c777.js?body=1" for 127.0.0.1 at 2015-01-27 10:46:13 +0000


Started GET "/properties" for 127.0.0.1 at 2015-01-27 10:48:34 +0000
Processing by PropertiesController#index as HTML
Completed 500 Internal Server Error in 1ms

NoMethodError (undefined method `from_json' for nil:NilClass):
  app/controllers/properties_controller.rb:15:in `index'


  Rendered /Users/hpwork/.rbenv/versions/2.1.5/lib/ruby/gems/2.1.0/gems/web-console-2.0.0/lib/action_dispatch/templates/rescues/_source.erb (4.0ms)
  Rendered /Users/hpwork/.rbenv/versions/2.1.5/lib/ruby/gems/2.1.0/gems/web-console-2.0.0/lib/action_dispatch/templates/rescues/_trace.html.erb (1.9ms)
  Rendered /Users/hpwork/.rbenv/versions/2.1.5/lib/ruby/gems/2.1.0/gems/web-console-2.0.0/lib/action_dispatch/templates/rescues/_request_and_response.html.erb (0.6ms)
  Rendered /Users/hpwork/.rbenv/versions/2.1.5/lib/ruby/gems/2.1.0/gems/web-console-2.0.0/lib/action_dispatch/templates/rescues/_web_console.html.erb (0.8ms)
  Rendered /Users/hpwork/.rbenv/versions/2.1.5/lib/ruby/gems/2.1.0/gems/web-console-2.0.0/lib/action_dispatch/templates/rescues/diagnostics.html.erb within rescues/layout (20.2ms)


Started GET "/properties" for 127.0.0.1 at 2015-01-27 10:50:11 +0000
Processing by PropertiesController#index as HTML
Completed 500 Internal Server Error in 34ms

ActiveRecord::StatementInvalid (Could not find table 'properties'):
  app/controllers/properties_controller.rb:15:in `index'


  Rendered /Users/hpwork/.rbenv/versions/2.1.5/lib/ruby/gems/2.1.0/gems/web-console-2.0.0/lib/action_dispatch/templates/rescues/_source.erb (3.6ms)
  Rendered /Users/hpwork/.rbenv/versions/2.1.5/lib/ruby/gems/2.1.0/gems/web-console-2.0.0/lib/action_dispatch/templates/rescues/_trace.html.erb (2.5ms)
  Rendered /Users/hpwork/.rbenv/versions/2.1.5/lib/ruby/gems/2.1.0/gems/web-console-2.0.0/lib/action_dispatch/templates/rescues/_request_and_response.html.erb (0.7ms)
  Rendered /Users/hpwork/.rbenv/versions/2.1.5/lib/ruby/gems/2.1.0/gems/web-console-2.0.0/lib/action_dispatch/templates/rescues/_web_console.html.erb (0.7ms)
  Rendered /Users/hpwork/.rbenv/versions/2.1.5/lib/ruby/gems/2.1.0/gems/web-console-2.0.0/lib/action_dispatch/templates/rescues/diagnostics.html.erb within rescues/layout (20.6ms)


Started GET "/properties" for 127.0.0.1 at 2015-01-27 10:51:19 +0000
Processing by PropertiesController#index as HTML
Completed 500 Internal Server Error in 1ms

ActiveRecord::StatementInvalid (Could not find table 'properties'):
  app/controllers/properties_controller.rb:15:in `index'


  Rendered /Users/hpwork/.rbenv/versions/2.1.5/lib/ruby/gems/2.1.0/gems/web-console-2.0.0/lib/action_dispatch/templates/rescues/_source.erb (3.4ms)
  Rendered /Users/hpwork/.rbenv/versions/2.1.5/lib/ruby/gems/2.1.0/gems/web-console-2.0.0/lib/action_dispatch/templates/rescues/_trace.html.erb (1.7ms)
  Rendered /Users/hpwork/.rbenv/versions/2.1.5/lib/ruby/gems/2.1.0/gems/web-console-2.0.0/lib/action_dispatch/templates/rescues/_request_and_response.html.erb (0.6ms)
  Rendered /Users/hpwork/.rbenv/versions/2.1.5/lib/ruby/gems/2.1.0/gems/web-console-2.0.0/lib/action_dispatch/templates/rescues/_web_console.html.erb (0.6ms)
  Rendered /Users/hpwork/.rbenv/versions/2.1.5/lib/ruby/gems/2.1.0/gems/web-console-2.0.0/lib/action_dispatch/templates/rescues/diagnostics.html.erb within rescues/layout (18.0ms)


Started GET "/properties" for 127.0.0.1 at 2015-01-27 10:51:27 +0000
Processing by PropertiesController#index as HTML
Completed 500 Internal Server Error in 22ms

ActiveRecord::StatementInvalid (Could not find table 'properties'):
  app/controllers/properties_controller.rb:15:in `index'


  Rendered /Users/hpwork/.rbenv/versions/2.1.5/lib/ruby/gems/2.1.0/gems/web-console-2.0.0/lib/action_dispatch/templates/rescues/_source.erb (4.0ms)
  Rendered /Users/hpwork/.rbenv/versions/2.1.5/lib/ruby/gems/2.1.0/gems/web-console-2.0.0/lib/action_dispatch/templates/rescues/_trace.html.erb (1.7ms)
  Rendered /Users/hpwork/.rbenv/versions/2.1.5/lib/ruby/gems/2.1.0/gems/web-console-2.0.0/lib/action_dispatch/templates/rescues/_request_and_response.html.erb (0.6ms)
  Rendered /Users/hpwork/.rbenv/versions/2.1.5/lib/ruby/gems/2.1.0/gems/web-console-2.0.0/lib/action_dispatch/templates/rescues/_web_console.html.erb (0.7ms)
  Rendered /Users/hpwork/.rbenv/versions/2.1.5/lib/ruby/gems/2.1.0/gems/web-console-2.0.0/lib/action_dispatch/templates/rescues/diagnostics.html.erb within rescues/layout (19.0ms)


Started GET "/properties" for 127.0.0.1 at 2015-01-27 10:51:44 +0000
Processing by PropertiesController#index as HTML
  Rendered properties/index.html.erb within layouts/application (1.0ms)
Completed 200 OK in 101ms (Views: 93.9ms | ActiveRecord: 0.0ms)


Started GET "/assets/properties-64e62ddc273c2f5847f30d698ca14b67.css?body=1" for 127.0.0.1 at 2015-01-27 10:51:45 +0000


Started GET "/assets/jquery-87424c3c19e96d4fb033c10ebe21ec40.js?body=1" for 127.0.0.1 at 2015-01-27 10:51:45 +0000


Started GET "/assets/scaffolds-f8d7cbcaae0d08b4fc112e6fc88b96ef.css?body=1" for 127.0.0.1 at 2015-01-27 10:51:45 +0000


Started GET "/assets/turbolinks-686d2bf7d9d383528c901c64187a8c31.js?body=1" for 127.0.0.1 at 2015-01-27 10:51:45 +0000


Started GET "/assets/application-14006496e5a21aa2f09505e0756b055f.css?body=1" for 127.0.0.1 at 2015-01-27 10:51:45 +0000


Started GET "/assets/properties-fcec5b5a277ac7c20cc9f45a209a3bcd.js?body=1" for 127.0.0.1 at 2015-01-27 10:51:45 +0000


Started GET "/assets/jquery_ujs-e27bd20a10d28155845a22d71ef94f2f.js?body=1" for 127.0.0.1 at 2015-01-27 10:51:45 +0000


Started GET "/assets/application-e93ffa4c2db8481b68b569045c04c777.js?body=1" for 127.0.0.1 at 2015-01-27 10:51:45 +0000


Started GET "/" for 127.0.0.1 at 2015-01-27 11:31:54 +0000
Processing by Rails::WelcomeController#index as HTML
  Rendered /Users/hpwork/.rbenv/versions/2.1.5/lib/ruby/gems/2.1.0/gems/railties-4.2.0/lib/rails/templates/rails/welcome/index.html.erb (1.6ms)
Completed 200 OK in 15ms (Views: 7.4ms | ActiveRecord: 0.0ms)


Started GET "/" for 127.0.0.1 at 2015-01-27 11:31:55 +0000
Processing by Rails::WelcomeController#index as HTML
  Rendered /Users/hpwork/.rbenv/versions/2.1.5/lib/ruby/gems/2.1.0/gems/railties-4.2.0/lib/rails/templates/rails/welcome/index.html.erb (0.0ms)
Completed 200 OK in 1ms (Views: 0.7ms | ActiveRecord: 0.0ms)


Started GET "/index" for 127.0.0.1 at 2015-01-27 11:31:57 +0000

ActionController::RoutingError (No route matches [GET] "/index"):
  web-console (2.0.0) lib/action_dispatch/debug_exceptions.rb:22:in `middleware_call'
  web-console (2.0.0) lib/action_dispatch/debug_exceptions.rb:13:in `call'
  actionpack (4.2.0) lib/action_dispatch/middleware/show_exceptions.rb:30:in `call'
  railties (4.2.0) lib/rails/rack/logger.rb:38:in `call_app'
  railties (4.2.0) lib/rails/rack/logger.rb:20:in `block in call'
  activesupport (4.2.0) lib/active_support/tagged_logging.rb:68:in `block in tagged'
  activesupport (4.2.0) lib/active_support/tagged_logging.rb:26:in `tagged'
  activesupport (4.2.0) lib/active_support/tagged_logging.rb:68:in `tagged'
  railties (4.2.0) lib/rails/rack/logger.rb:20:in `call'
  actionpack (4.2.0) lib/action_dispatch/middleware/request_id.rb:21:in `call'
  rack (1.6.0) lib/rack/methodoverride.rb:22:in `call'
  rack (1.6.0) lib/rack/runtime.rb:18:in `call'
  activesupport (4.2.0) lib/active_support/cache/strategy/local_cache_middleware.rb:28:in `call'
  rack (1.6.0) lib/rack/lock.rb:17:in `call'
  actionpack (4.2.0) lib/action_dispatch/middleware/static.rb:113:in `call'
  rack (1.6.0) lib/rack/sendfile.rb:113:in `call'
  railties (4.2.0) lib/rails/engine.rb:518:in `call'
  railties (4.2.0) lib/rails/application.rb:164:in `call'
  rack (1.6.0) lib/rack/lock.rb:17:in `call'
  rack (1.6.0) lib/rack/content_length.rb:15:in `call'
  rack (1.6.0) lib/rack/handler/webrick.rb:89:in `service'
  /Users/hpwork/.rbenv/versions/2.1.5/lib/ruby/2.1.0/webrick/httpserver.rb:138:in `service'
  /Users/hpwork/.rbenv/versions/2.1.5/lib/ruby/2.1.0/webrick/httpserver.rb:94:in `run'
  /Users/hpwork/.rbenv/versions/2.1.5/lib/ruby/2.1.0/webrick/server.rb:295:in `block in start_thread'


  Rendered /Users/hpwork/.rbenv/versions/2.1.5/lib/ruby/gems/2.1.0/gems/web-console-2.0.0/lib/action_dispatch/templates/rescues/_trace.html.erb (1.2ms)
  Rendered /Users/hpwork/.rbenv/versions/2.1.5/lib/ruby/gems/2.1.0/gems/web-console-2.0.0/lib/action_dispatch/templates/routes/_route.html.erb (1.4ms)
  Rendered /Users/hpwork/.rbenv/versions/2.1.5/lib/ruby/gems/2.1.0/gems/web-console-2.0.0/lib/action_dispatch/templates/routes/_table.html.erb (8.1ms)
  Rendered /Users/hpwork/.rbenv/versions/2.1.5/lib/ruby/gems/2.1.0/gems/web-console-2.0.0/lib/action_dispatch/templates/rescues/_request_and_response.html.erb (1.9ms)
  Rendered /Users/hpwork/.rbenv/versions/2.1.5/lib/ruby/gems/2.1.0/gems/web-console-2.0.0/lib/action_dispatch/templates/rescues/_web_console.html.erb (1.0ms)
  Rendered /Users/hpwork/.rbenv/versions/2.1.5/lib/ruby/gems/2.1.0/gems/web-console-2.0.0/lib/action_dispatch/templates/rescues/routing_error.html.erb within rescues/layout (38.4ms)


Started GET "/index" for 127.0.0.1 at 2015-01-27 11:32:05 +0000

ActionController::RoutingError (No route matches [GET] "/index"):
  web-console (2.0.0) lib/action_dispatch/debug_exceptions.rb:22:in `middleware_call'
  web-console (2.0.0) lib/action_dispatch/debug_exceptions.rb:13:in `call'
  actionpack (4.2.0) lib/action_dispatch/middleware/show_exceptions.rb:30:in `call'
  railties (4.2.0) lib/rails/rack/logger.rb:38:in `call_app'
  railties (4.2.0) lib/rails/rack/logger.rb:20:in `block in call'
  activesupport (4.2.0) lib/active_support/tagged_logging.rb:68:in `block in tagged'
  activesupport (4.2.0) lib/active_support/tagged_logging.rb:26:in `tagged'
  activesupport (4.2.0) lib/active_support/tagged_logging.rb:68:in `tagged'
  railties (4.2.0) lib/rails/rack/logger.rb:20:in `call'
  actionpack (4.2.0) lib/action_dispatch/middleware/request_id.rb:21:in `call'
  rack (1.6.0) lib/rack/methodoverride.rb:22:in `call'
  rack (1.6.0) lib/rack/runtime.rb:18:in `call'
  activesupport (4.2.0) lib/active_support/cache/strategy/local_cache_middleware.rb:28:in `call'
  rack (1.6.0) lib/rack/lock.rb:17:in `call'
  actionpack (4.2.0) lib/action_dispatch/middleware/static.rb:113:in `call'
  rack (1.6.0) lib/rack/sendfile.rb:113:in `call'
  railties (4.2.0) lib/rails/engine.rb:518:in `call'
  railties (4.2.0) lib/rails/application.rb:164:in `call'
  rack (1.6.0) lib/rack/lock.rb:17:in `call'
  rack (1.6.0) lib/rack/content_length.rb:15:in `call'
  rack (1.6.0) lib/rack/handler/webrick.rb:89:in `service'
  /Users/hpwork/.rbenv/versions/2.1.5/lib/ruby/2.1.0/webrick/httpserver.rb:138:in `service'
  /Users/hpwork/.rbenv/versions/2.1.5/lib/ruby/2.1.0/webrick/httpserver.rb:94:in `run'
  /Users/hpwork/.rbenv/versions/2.1.5/lib/ruby/2.1.0/webrick/server.rb:295:in `block in start_thread'


  Rendered /Users/hpwork/.rbenv/versions/2.1.5/lib/ruby/gems/2.1.0/gems/web-console-2.0.0/lib/action_dispatch/templates/rescues/_trace.html.erb (1.0ms)
  Rendered /Users/hpwork/.rbenv/versions/2.1.5/lib/ruby/gems/2.1.0/gems/web-console-2.0.0/lib/action_dispatch/templates/routes/_route.html.erb (0.7ms)
  Rendered /Users/hpwork/.rbenv/versions/2.1.5/lib/ruby/gems/2.1.0/gems/web-console-2.0.0/lib/action_dispatch/templates/routes/_table.html.erb (1.0ms)
  Rendered /Users/hpwork/.rbenv/versions/2.1.5/lib/ruby/gems/2.1.0/gems/web-console-2.0.0/lib/action_dispatch/templates/rescues/_request_and_response.html.erb (1.3ms)
  Rendered /Users/hpwork/.rbenv/versions/2.1.5/lib/ruby/gems/2.1.0/gems/web-console-2.0.0/lib/action_dispatch/templates/rescues/_web_console.html.erb (1.1ms)
  Rendered /Users/hpwork/.rbenv/versions/2.1.5/lib/ruby/gems/2.1.0/gems/web-console-2.0.0/lib/action_dispatch/templates/rescues/routing_error.html.erb within rescues/layout (21.2ms)


Started GET "/" for 127.0.0.1 at 2015-01-27 11:32:05 +0000
Processing by Rails::WelcomeController#index as HTML
  Rendered /Users/hpwork/.rbenv/versions/2.1.5/lib/ruby/gems/2.1.0/gems/railties-4.2.0/lib/rails/templates/rails/welcome/index.html.erb (0.1ms)
Completed 200 OK in 2ms (Views: 0.9ms | ActiveRecord: 0.0ms)


Started GET "/properties" for 127.0.0.1 at 2015-01-27 11:32:06 +0000

SyntaxError (/Users/hpwork/development-environment/apps/public_playground/public_property_frontend/app/controllers/application_controller.rb:5: syntax error, unexpected <<, expecting keyword_end
<<<<<<< HEAD
  ^):
  app/controllers/application_controller.rb:5: syntax error, unexpected <<, expecting keyword_end
  app/controllers/properties_controller.rb:1:in `<top (required)>'


  Rendered /Users/hpwork/.rbenv/versions/2.1.5/lib/ruby/gems/2.1.0/gems/web-console-2.0.0/lib/action_dispatch/templates/rescues/_source.erb (2.9ms)
  Rendered /Users/hpwork/.rbenv/versions/2.1.5/lib/ruby/gems/2.1.0/gems/web-console-2.0.0/lib/action_dispatch/templates/rescues/_trace.html.erb (1.5ms)
  Rendered /Users/hpwork/.rbenv/versions/2.1.5/lib/ruby/gems/2.1.0/gems/web-console-2.0.0/lib/action_dispatch/templates/rescues/_request_and_response.html.erb (1.1ms)
  Rendered /Users/hpwork/.rbenv/versions/2.1.5/lib/ruby/gems/2.1.0/gems/web-console-2.0.0/lib/action_dispatch/templates/rescues/_web_console.html.erb (0.7ms)
  Rendered /Users/hpwork/.rbenv/versions/2.1.5/lib/ruby/gems/2.1.0/gems/web-console-2.0.0/lib/action_dispatch/templates/rescues/diagnostics.html.erb within rescues/layout (18.2ms)


Started GET "/properties" for 127.0.0.1 at 2015-01-27 11:32:34 +0000
Processing by PropertiesController#index as HTML
  Rendered properties/index.html.erb within layouts/application (1.0ms)
Completed 200 OK in 107ms (Views: 96.9ms | ActiveRecord: 0.0ms)


Started GET "/assets/properties-64e62ddc273c2f5847f30d698ca14b67.css?body=1" for 127.0.0.1 at 2015-01-27 11:32:35 +0000


Started GET "/properties" for 127.0.0.1 at 2015-01-27 11:42:14 +0000
Processing by PropertiesController#index as HTML
  Rendered properties/index.html.erb within layouts/application (1.0ms)
Completed 500 Internal Server Error in 15ms

SyntaxError (/Users/hpwork/development-environment/apps/public_playground/public_property_frontend/app/views/properties/index.html.erb:16: syntax error, unexpected '<'
    <td>'.freeze;@output_buffer.ap...
     ^
/Users/hpwork/development-environment/apps/public_playground/public_property_frontend/app/views/properties/index.html.erb:17: unknown regexp options - tr
/Users/hpwork/development-environment/apps/public_playground/public_property_frontend/app/views/properties/index.html.erb:19: unterminated regexp meets end of file
/Users/hpwork/development-environment/apps/public_playground/public_property_frontend/app/views/properties/index.html.erb:19: syntax error, unexpected end-of-input, expecting ')'):
  app/views/properties/index.html.erb:16: syntax error, unexpected '<'
  app/views/properties/index.html.erb:17: unknown regexp options - tr
  app/views/properties/index.html.erb:19: unterminated regexp meets end of file
  app/views/properties/index.html.erb:19: syntax error, unexpected end-of-input, expecting ')'


  Rendered /Users/hpwork/.rbenv/versions/2.1.5/lib/ruby/gems/2.1.0/gems/web-console-2.0.0/lib/action_dispatch/templates/rescues/_source.erb (4.8ms)
  Rendered /Users/hpwork/.rbenv/versions/2.1.5/lib/ruby/gems/2.1.0/gems/web-console-2.0.0/lib/action_dispatch/templates/rescues/_trace.html.erb (2.5ms)
  Rendered /Users/hpwork/.rbenv/versions/2.1.5/lib/ruby/gems/2.1.0/gems/web-console-2.0.0/lib/action_dispatch/templates/rescues/_request_and_response.html.erb (0.6ms)
  Rendered /Users/hpwork/.rbenv/versions/2.1.5/lib/ruby/gems/2.1.0/gems/web-console-2.0.0/lib/action_dispatch/templates/rescues/_web_console.html.erb (0.8ms)
  Rendered /Users/hpwork/.rbenv/versions/2.1.5/lib/ruby/gems/2.1.0/gems/web-console-2.0.0/lib/action_dispatch/templates/rescues/diagnostics.html.erb within rescues/layout (21.0ms)


Started GET "/properties" for 127.0.0.1 at 2015-01-27 11:42:35 +0000
Processing by PropertiesController#index as HTML
  Rendered properties/index.html.erb within layouts/application (1.0ms)
Completed 200 OK in 103ms (Views: 95.9ms | ActiveRecord: 0.0ms)


Started GET "/assets/properties-64e62ddc273c2f5847f30d698ca14b67.css?body=1" for 127.0.0.1 at 2015-01-27 11:42:35 +0000


Started GET "/properties" for 127.0.0.1 at 2015-01-27 11:45:04 +0000
Processing by PropertiesController#index as HTML
  Rendered properties/index.html.erb within layouts/application (3.5ms)
Completed 500 Internal Server Error in 17ms

ActionView::Template::Error (no implicit conversion of Symbol into Integer):
    11: 
    12:   <% @properties.each do |property|%>
    13:   <tr>
    14:     <td><%= property[:street]%></td>
    15:     <td><%= property[:postcode]%></td>
    16:   </tr>
    17:   <%end%>
  app/views/properties/index.html.erb:14:in `[]'
  app/views/properties/index.html.erb:14:in `block in _app_views_properties_index_html_erb___1030875869000363925_70094722613580'
  app/views/properties/index.html.erb:12:in `each'
  app/views/properties/index.html.erb:12:in `_app_views_properties_index_html_erb___1030875869000363925_70094722613580'


  Rendered /Users/hpwork/.rbenv/versions/2.1.5/lib/ruby/gems/2.1.0/gems/web-console-2.0.0/lib/action_dispatch/templates/rescues/_source.erb (4.7ms)
  Rendered /Users/hpwork/.rbenv/versions/2.1.5/lib/ruby/gems/2.1.0/gems/web-console-2.0.0/lib/action_dispatch/templates/rescues/_trace.html.erb (1.9ms)
  Rendered /Users/hpwork/.rbenv/versions/2.1.5/lib/ruby/gems/2.1.0/gems/web-console-2.0.0/lib/action_dispatch/templates/rescues/_request_and_response.html.erb (0.6ms)
  Rendered /Users/hpwork/.rbenv/versions/2.1.5/lib/ruby/gems/2.1.0/gems/web-console-2.0.0/lib/action_dispatch/templates/rescues/_web_console.html.erb (0.6ms)
  Rendered /Users/hpwork/.rbenv/versions/2.1.5/lib/ruby/gems/2.1.0/gems/web-console-2.0.0/lib/action_dispatch/templates/rescues/template_error.html.erb within rescues/layout (19.8ms)


Started GET "/properties" for 127.0.0.1 at 2015-01-27 11:46:56 +0000
Processing by PropertiesController#index as HTML
  Rendered properties/index.html.erb within layouts/application (3.8ms)
Completed 500 Internal Server Error in 18ms

ActionView::Template::Error (no implicit conversion of Symbol into Integer):
    11: 
    12:   <% @properties.each do |property|%>
    13:   <tr>
    14:     <td><%= property[:street]%></td>
    15:     <td><%= property[:postcode]%></td>
    16:   </tr>
    17:   <%end%>
  app/views/properties/index.html.erb:14:in `[]'
  app/views/properties/index.html.erb:14:in `block in _app_views_properties_index_html_erb__1345187628800950724_70137658657560'
  app/views/properties/index.html.erb:12:in `each'
  app/views/properties/index.html.erb:12:in `_app_views_properties_index_html_erb__1345187628800950724_70137658657560'


  Rendered /Users/hpwork/.rbenv/versions/2.1.5/lib/ruby/gems/2.1.0/gems/web-console-2.0.0/lib/action_dispatch/templates/rescues/_source.erb (5.0ms)
  Rendered /Users/hpwork/.rbenv/versions/2.1.5/lib/ruby/gems/2.1.0/gems/web-console-2.0.0/lib/action_dispatch/templates/rescues/_trace.html.erb (1.8ms)
  Rendered /Users/hpwork/.rbenv/versions/2.1.5/lib/ruby/gems/2.1.0/gems/web-console-2.0.0/lib/action_dispatch/templates/rescues/_request_and_response.html.erb (0.6ms)
  Rendered /Users/hpwork/.rbenv/versions/2.1.5/lib/ruby/gems/2.1.0/gems/web-console-2.0.0/lib/action_dispatch/templates/rescues/_web_console.html.erb (0.6ms)
  Rendered /Users/hpwork/.rbenv/versions/2.1.5/lib/ruby/gems/2.1.0/gems/web-console-2.0.0/lib/action_dispatch/templates/rescues/template_error.html.erb within rescues/layout (19.6ms)


Started GET "/properties" for 127.0.0.1 at 2015-01-27 11:47:21 +0000
Processing by PropertiesController#index as HTML
  Rendered properties/index.html.erb within layouts/application (1.0ms)
Completed 200 OK in 106ms (Views: 98.6ms | ActiveRecord: 0.0ms)


Started GET "/assets/properties-64e62ddc273c2f5847f30d698ca14b67.css?body=1" for 127.0.0.1 at 2015-01-27 11:47:21 +0000


Started GET "/assets/application-14006496e5a21aa2f09505e0756b055f.css?body=1" for 127.0.0.1 at 2015-01-27 11:47:21 +0000


Started GET "/assets/jquery-87424c3c19e96d4fb033c10ebe21ec40.js?body=1" for 127.0.0.1 at 2015-01-27 11:47:21 +0000


Started GET "/assets/properties-fcec5b5a277ac7c20cc9f45a209a3bcd.js?body=1" for 127.0.0.1 at 2015-01-27 11:47:21 +0000


Started GET "/assets/jquery_ujs-e27bd20a10d28155845a22d71ef94f2f.js?body=1" for 127.0.0.1 at 2015-01-27 11:47:21 +0000


Started GET "/assets/scaffolds-f8d7cbcaae0d08b4fc112e6fc88b96ef.css?body=1" for 127.0.0.1 at 2015-01-27 11:47:21 +0000


Started GET "/assets/turbolinks-686d2bf7d9d383528c901c64187a8c31.js?body=1" for 127.0.0.1 at 2015-01-27 11:47:21 +0000


Started GET "/assets/application-e93ffa4c2db8481b68b569045c04c777.js?body=1" for 127.0.0.1 at 2015-01-27 11:47:21 +0000


Started GET "/properties" for 127.0.0.1 at 2015-01-27 11:48:07 +0000
Processing by PropertiesController#index as HTML
  Rendered properties/index.html.erb within layouts/application (3.5ms)
Completed 500 Internal Server Error in 17ms

ActionView::Template::Error (undefined method `street' for [:street, "Murhill Lane"]:Array):
    11: 
    12:   <% @properties.each do |property|%>
    13:   <tr>
    14:     <td><%= property.street %></td>
    15:     <td><%= property.postcode%></td>
    16:   </tr>
    17:   <%end%>
  app/views/properties/index.html.erb:14:in `block in _app_views_properties_index_html_erb___2916865672092127936_70185182426940'
  app/views/properties/index.html.erb:12:in `each'
  app/views/properties/index.html.erb:12:in `_app_views_properties_index_html_erb___2916865672092127936_70185182426940'


  Rendered /Users/hpwork/.rbenv/versions/2.1.5/lib/ruby/gems/2.1.0/gems/web-console-2.0.0/lib/action_dispatch/templates/rescues/_source.erb (5.4ms)
  Rendered /Users/hpwork/.rbenv/versions/2.1.5/lib/ruby/gems/2.1.0/gems/web-console-2.0.0/lib/action_dispatch/templates/rescues/_trace.html.erb (2.2ms)
  Rendered /Users/hpwork/.rbenv/versions/2.1.5/lib/ruby/gems/2.1.0/gems/web-console-2.0.0/lib/action_dispatch/templates/rescues/_request_and_response.html.erb (0.6ms)
  Rendered /Users/hpwork/.rbenv/versions/2.1.5/lib/ruby/gems/2.1.0/gems/web-console-2.0.0/lib/action_dispatch/templates/rescues/_web_console.html.erb (0.7ms)
  Rendered /Users/hpwork/.rbenv/versions/2.1.5/lib/ruby/gems/2.1.0/gems/web-console-2.0.0/lib/action_dispatch/templates/rescues/template_error.html.erb within rescues/layout (23.0ms)


Started GET "/properties" for 127.0.0.1 at 2015-01-27 12:01:42 +0000

SyntaxError (/Users/hpwork/development-environment/apps/public_playground/public_property_frontend/app/controllers/properties_controller.rb:12: syntax error, unexpected ':', expecting =>
      "street":'Murhill Lane',
               ^
/Users/hpwork/development-environment/apps/public_playground/public_property_frontend/app/controllers/properties_controller.rb:12: syntax error, unexpected ',', expecting keyword_end
/Users/hpwork/development-environment/apps/public_playground/public_property_frontend/app/controllers/properties_controller.rb:13: syntax error, unexpected ':', expecting keyword_end
      "postcode":'PL9 7FN',
                 ^
/Users/hpwork/development-environment/apps/public_playground/public_property_frontend/app/controllers/properties_controller.rb:13: syntax error, unexpected ',', expecting keyword_end):
  app/controllers/properties_controller.rb:12: syntax error, unexpected ':', expecting =>
  app/controllers/properties_controller.rb:12: syntax error, unexpected ',', expecting keyword_end
  app/controllers/properties_controller.rb:13: syntax error, unexpected ':', expecting keyword_end
  app/controllers/properties_controller.rb:13: syntax error, unexpected ',', expecting keyword_end


  Rendered /Users/hpwork/.rbenv/versions/2.1.5/lib/ruby/gems/2.1.0/gems/web-console-2.0.0/lib/action_dispatch/templates/rescues/_source.erb (2.8ms)
  Rendered /Users/hpwork/.rbenv/versions/2.1.5/lib/ruby/gems/2.1.0/gems/web-console-2.0.0/lib/action_dispatch/templates/rescues/_trace.html.erb (1.5ms)
  Rendered /Users/hpwork/.rbenv/versions/2.1.5/lib/ruby/gems/2.1.0/gems/web-console-2.0.0/lib/action_dispatch/templates/rescues/_request_and_response.html.erb (7.1ms)
  Rendered /Users/hpwork/.rbenv/versions/2.1.5/lib/ruby/gems/2.1.0/gems/web-console-2.0.0/lib/action_dispatch/templates/rescues/_web_console.html.erb (0.7ms)
  Rendered /Users/hpwork/.rbenv/versions/2.1.5/lib/ruby/gems/2.1.0/gems/web-console-2.0.0/lib/action_dispatch/templates/rescues/diagnostics.html.erb within rescues/layout (24.8ms)


Started GET "/properties" for 127.0.0.1 at 2015-01-27 12:09:39 +0000
Processing by PropertiesController#index as HTML
  Rendered properties/index.html.erb within layouts/application (4.2ms)
Completed 500 Internal Server Error in 20ms

ActionView::Template::Error (no implicit conversion of Symbol into Integer):
    11: 
    12:   <% @properties.each do |property|%>
    13:   <tr>
    14:     <td><%= property[:street]%></td>
    15:     <td><%= property[:postcode]%></td>
    16:   </tr>
    17:   <%end%>
  app/views/properties/index.html.erb:14:in `[]'
  app/views/properties/index.html.erb:14:in `block in _app_views_properties_index_html_erb__4203646693048808311_70217792896960'
  app/views/properties/index.html.erb:12:in `each'
  app/views/properties/index.html.erb:12:in `_app_views_properties_index_html_erb__4203646693048808311_70217792896960'


  Rendered /Users/hpwork/.rbenv/versions/2.1.5/lib/ruby/gems/2.1.0/gems/web-console-2.0.0/lib/action_dispatch/templates/rescues/_source.erb (4.6ms)
  Rendered /Users/hpwork/.rbenv/versions/2.1.5/lib/ruby/gems/2.1.0/gems/web-console-2.0.0/lib/action_dispatch/templates/rescues/_trace.html.erb (1.8ms)
  Rendered /Users/hpwork/.rbenv/versions/2.1.5/lib/ruby/gems/2.1.0/gems/web-console-2.0.0/lib/action_dispatch/templates/rescues/_request_and_response.html.erb (0.8ms)
  Rendered /Users/hpwork/.rbenv/versions/2.1.5/lib/ruby/gems/2.1.0/gems/web-console-2.0.0/lib/action_dispatch/templates/rescues/_web_console.html.erb (0.6ms)
  Rendered /Users/hpwork/.rbenv/versions/2.1.5/lib/ruby/gems/2.1.0/gems/web-console-2.0.0/lib/action_dispatch/templates/rescues/template_error.html.erb within rescues/layout (20.2ms)


Started GET "/properties" for 127.0.0.1 at 2015-01-27 12:18:09 +0000
Processing by PropertiesController#index as HTML
  Rendered properties/index.html.erb within layouts/application (1.1ms)
Completed 200 OK in 108ms (Views: 101.0ms | ActiveRecord: 0.0ms)


Started GET "/assets/properties-64e62ddc273c2f5847f30d698ca14b67.css?body=1" for 127.0.0.1 at 2015-01-27 12:18:09 +0000


Started GET "/assets/scaffolds-f8d7cbcaae0d08b4fc112e6fc88b96ef.css?body=1" for 127.0.0.1 at 2015-01-27 12:18:09 +0000


Started GET "/assets/jquery_ujs-e27bd20a10d28155845a22d71ef94f2f.js?body=1" for 127.0.0.1 at 2015-01-27 12:18:09 +0000


Started GET "/assets/jquery-87424c3c19e96d4fb033c10ebe21ec40.js?body=1" for 127.0.0.1 at 2015-01-27 12:18:09 +0000


Started GET "/assets/properties-fcec5b5a277ac7c20cc9f45a209a3bcd.js?body=1" for 127.0.0.1 at 2015-01-27 12:18:09 +0000


Started GET "/assets/turbolinks-686d2bf7d9d383528c901c64187a8c31.js?body=1" for 127.0.0.1 at 2015-01-27 12:18:09 +0000


Started GET "/assets/application-14006496e5a21aa2f09505e0756b055f.css?body=1" for 127.0.0.1 at 2015-01-27 12:18:09 +0000


Started GET "/assets/application-e93ffa4c2db8481b68b569045c04c777.js?body=1" for 127.0.0.1 at 2015-01-27 12:18:10 +0000


Started GET "/properties" for 127.0.0.1 at 2015-01-27 12:19:32 +0000
Processing by PropertiesController#index as HTML
Completed 500 Internal Server Error in 10ms

NoMethodError (undefined method `slimmer_template' for #<PropertiesController:0x007f90f4dc5aa0>):
  app/controllers/properties_controller.rb:8:in `index'


  Rendered /Users/hpwork/.rbenv/versions/2.1.5/lib/ruby/gems/2.1.0/gems/web-console-2.0.0/lib/action_dispatch/templates/rescues/_source.erb (3.2ms)
  Rendered /Users/hpwork/.rbenv/versions/2.1.5/lib/ruby/gems/2.1.0/gems/web-console-2.0.0/lib/action_dispatch/templates/rescues/_trace.html.erb (1.4ms)
  Rendered /Users/hpwork/.rbenv/versions/2.1.5/lib/ruby/gems/2.1.0/gems/web-console-2.0.0/lib/action_dispatch/templates/rescues/_request_and_response.html.erb (0.6ms)
  Rendered /Users/hpwork/.rbenv/versions/2.1.5/lib/ruby/gems/2.1.0/gems/web-console-2.0.0/lib/action_dispatch/templates/rescues/_web_console.html.erb (0.7ms)
  Rendered /Users/hpwork/.rbenv/versions/2.1.5/lib/ruby/gems/2.1.0/gems/web-console-2.0.0/lib/action_dispatch/templates/rescues/diagnostics.html.erb within rescues/layout (20.3ms)


Started GET "/properties" for 127.0.0.1 at 2015-01-27 12:20:24 +0000
Processing by PropertiesController#index as HTML
  Rendered properties/index.html.erb within layouts/application (0.4ms)
Completed 200 OK in 71ms (Views: 70.6ms | ActiveRecord: 0.0ms)


Started GET "/assets/properties-64e62ddc273c2f5847f30d698ca14b67.css?body=1" for 127.0.0.1 at 2015-01-27 12:20:24 +0000


Started GET "/assets/scaffolds-f8d7cbcaae0d08b4fc112e6fc88b96ef.css?body=1" for 127.0.0.1 at 2015-01-27 12:20:24 +0000


Started GET "/assets/jquery_ujs-e27bd20a10d28155845a22d71ef94f2f.js?body=1" for 127.0.0.1 at 2015-01-27 12:20:24 +0000


Started GET "/assets/jquery-87424c3c19e96d4fb033c10ebe21ec40.js?body=1" for 127.0.0.1 at 2015-01-27 12:20:24 +0000


Started GET "/assets/turbolinks-686d2bf7d9d383528c901c64187a8c31.js?body=1" for 127.0.0.1 at 2015-01-27 12:20:24 +0000


Started GET "/assets/properties-fcec5b5a277ac7c20cc9f45a209a3bcd.js?body=1" for 127.0.0.1 at 2015-01-27 12:20:24 +0000


Started GET "/properties" for ::1 at 2015-01-27 12:26:09 +0000
Processing by PropertiesController#index as HTML
  Rendered properties/index.html.erb within layouts/application (1.0ms)
Completed 200 OK in 103ms (Views: 94.1ms | ActiveRecord: 0.0ms)


Started GET "/assets/scaffolds-f8d7cbcaae0d08b4fc112e6fc88b96ef.css?body=1" for ::1 at 2015-01-27 12:26:09 +0000


Started GET "/assets/properties-64e62ddc273c2f5847f30d698ca14b67.css?body=1" for ::1 at 2015-01-27 12:26:09 +0000


Started GET "/assets/jquery-87424c3c19e96d4fb033c10ebe21ec40.js?body=1" for ::1 at 2015-01-27 12:26:09 +0000


Started GET "/assets/jquery_ujs-e27bd20a10d28155845a22d71ef94f2f.js?body=1" for ::1 at 2015-01-27 12:26:09 +0000


Started GET "/assets/turbolinks-686d2bf7d9d383528c901c64187a8c31.js?body=1" for ::1 at 2015-01-27 12:26:09 +0000


Started GET "/assets/properties-fcec5b5a277ac7c20cc9f45a209a3bcd.js?body=1" for ::1 at 2015-01-27 12:26:09 +0000


Started GET "/properties" for 127.0.0.1 at 2015-01-27 12:28:22 +0000
Processing by PropertiesController#index as HTML
  Rendered properties/index.html.erb within layouts/application (1.1ms)
Completed 200 OK in 102ms (Views: 94.1ms | ActiveRecord: 0.0ms)


Started GET "/assets/properties-64e62ddc273c2f5847f30d698ca14b67.css?body=1" for 127.0.0.1 at 2015-01-27 12:28:22 +0000


Started GET "/assets/scaffolds-f8d7cbcaae0d08b4fc112e6fc88b96ef.css?body=1" for 127.0.0.1 at 2015-01-27 12:28:22 +0000


Started GET "/assets/properties-fcec5b5a277ac7c20cc9f45a209a3bcd.js?body=1" for 127.0.0.1 at 2015-01-27 12:28:22 +0000


Started GET "/assets/jquery-87424c3c19e96d4fb033c10ebe21ec40.js?body=1" for 127.0.0.1 at 2015-01-27 12:28:22 +0000


Started GET "/assets/turbolinks-686d2bf7d9d383528c901c64187a8c31.js?body=1" for 127.0.0.1 at 2015-01-27 12:28:22 +0000


Started GET "/assets/jquery_ujs-e27bd20a10d28155845a22d71ef94f2f.js?body=1" for 127.0.0.1 at 2015-01-27 12:28:22 +0000


Started GET "/properties" for 127.0.0.1 at 2015-01-27 13:28:00 +0000
Processing by PropertiesController#index as HTML
  Rendered properties/index.html.erb within layouts/application (0.1ms)
Completed 200 OK in 41ms (Views: 40.4ms | ActiveRecord: 0.0ms)


Started GET "/assets/properties-64e62ddc273c2f5847f30d698ca14b67.css?body=1" for 127.0.0.1 at 2015-01-27 13:28:00 +0000


Started GET "/assets/jquery_ujs-e27bd20a10d28155845a22d71ef94f2f.js?body=1" for 127.0.0.1 at 2015-01-27 13:28:00 +0000


Started GET "/assets/scaffolds-f8d7cbcaae0d08b4fc112e6fc88b96ef.css?body=1" for 127.0.0.1 at 2015-01-27 13:28:00 +0000


Started GET "/assets/jquery-87424c3c19e96d4fb033c10ebe21ec40.js?body=1" for 127.0.0.1 at 2015-01-27 13:28:00 +0000


Started GET "/assets/properties-fcec5b5a277ac7c20cc9f45a209a3bcd.js?body=1" for 127.0.0.1 at 2015-01-27 13:28:00 +0000


Started GET "/assets/turbolinks-686d2bf7d9d383528c901c64187a8c31.js?body=1" for 127.0.0.1 at 2015-01-27 13:28:00 +0000


Started GET "/properties" for 127.0.0.1 at 2015-01-27 13:28:05 +0000
Processing by PropertiesController#index as HTML
  Rendered properties/index.html.erb within layouts/application (0.1ms)
Completed 200 OK in 34ms (Views: 33.4ms | ActiveRecord: 0.0ms)


Started GET "/assets/properties-64e62ddc273c2f5847f30d698ca14b67.css?body=1" for 127.0.0.1 at 2015-01-27 13:28:05 +0000


Started GET "/" for 127.0.0.1 at 2015-01-27 13:28:07 +0000
Processing by Rails::WelcomeController#index as HTML
  Rendered /Users/hpwork/.rbenv/versions/2.1.5/lib/ruby/gems/2.1.0/gems/railties-4.2.0/lib/rails/templates/rails/welcome/index.html.erb (0.6ms)
Completed 200 OK in 3ms (Views: 2.5ms | ActiveRecord: 0.0ms)


Started GET "/show" for 127.0.0.1 at 2015-01-27 13:28:08 +0000

ActionController::RoutingError (No route matches [GET] "/show"):
  web-console (2.0.0) lib/action_dispatch/debug_exceptions.rb:22:in `middleware_call'
  web-console (2.0.0) lib/action_dispatch/debug_exceptions.rb:13:in `call'
  actionpack (4.2.0) lib/action_dispatch/middleware/show_exceptions.rb:30:in `call'
  railties (4.2.0) lib/rails/rack/logger.rb:38:in `call_app'
  railties (4.2.0) lib/rails/rack/logger.rb:20:in `block in call'
  activesupport (4.2.0) lib/active_support/tagged_logging.rb:68:in `block in tagged'
  activesupport (4.2.0) lib/active_support/tagged_logging.rb:26:in `tagged'
  activesupport (4.2.0) lib/active_support/tagged_logging.rb:68:in `tagged'
  railties (4.2.0) lib/rails/rack/logger.rb:20:in `call'
  actionpack (4.2.0) lib/action_dispatch/middleware/request_id.rb:21:in `call'
  rack (1.6.0) lib/rack/methodoverride.rb:22:in `call'
  rack (1.6.0) lib/rack/runtime.rb:18:in `call'
  activesupport (4.2.0) lib/active_support/cache/strategy/local_cache_middleware.rb:28:in `call'
  rack (1.6.0) lib/rack/lock.rb:17:in `call'
  actionpack (4.2.0) lib/action_dispatch/middleware/static.rb:113:in `call'
  rack (1.6.0) lib/rack/sendfile.rb:113:in `call'
  railties (4.2.0) lib/rails/engine.rb:518:in `call'
  railties (4.2.0) lib/rails/application.rb:164:in `call'
  rack (1.6.0) lib/rack/lock.rb:17:in `call'
  rack (1.6.0) lib/rack/content_length.rb:15:in `call'
  rack (1.6.0) lib/rack/handler/webrick.rb:89:in `service'
  /Users/hpwork/.rbenv/versions/2.1.5/lib/ruby/2.1.0/webrick/httpserver.rb:138:in `service'
  /Users/hpwork/.rbenv/versions/2.1.5/lib/ruby/2.1.0/webrick/httpserver.rb:94:in `run'
  /Users/hpwork/.rbenv/versions/2.1.5/lib/ruby/2.1.0/webrick/server.rb:295:in `block in start_thread'


  Rendered /Users/hpwork/.rbenv/versions/2.1.5/lib/ruby/gems/2.1.0/gems/web-console-2.0.0/lib/action_dispatch/templates/rescues/_trace.html.erb (1.2ms)
  Rendered /Users/hpwork/.rbenv/versions/2.1.5/lib/ruby/gems/2.1.0/gems/web-console-2.0.0/lib/action_dispatch/templates/routes/_route.html.erb (0.7ms)
  Rendered /Users/hpwork/.rbenv/versions/2.1.5/lib/ruby/gems/2.1.0/gems/web-console-2.0.0/lib/action_dispatch/templates/routes/_table.html.erb (6.3ms)
  Rendered /Users/hpwork/.rbenv/versions/2.1.5/lib/ruby/gems/2.1.0/gems/web-console-2.0.0/lib/action_dispatch/templates/rescues/_request_and_response.html.erb (1.0ms)
  Rendered /Users/hpwork/.rbenv/versions/2.1.5/lib/ruby/gems/2.1.0/gems/web-console-2.0.0/lib/action_dispatch/templates/rescues/_web_console.html.erb (0.7ms)
  Rendered /Users/hpwork/.rbenv/versions/2.1.5/lib/ruby/gems/2.1.0/gems/web-console-2.0.0/lib/action_dispatch/templates/rescues/routing_error.html.erb within rescues/layout (30.8ms)


Started GET "/properties" for 127.0.0.1 at 2015-01-27 13:28:37 +0000
Processing by PropertiesController#index as HTML
  Rendered properties/index.html.erb within layouts/application (0.9ms)
Completed 200 OK in 47ms (Views: 45.9ms | ActiveRecord: 0.0ms)


Started GET "/properties" for 127.0.0.1 at 2015-01-27 13:28:39 +0000
Processing by PropertiesController#index as HTML
  Rendered properties/index.html.erb within layouts/application (0.4ms)
Completed 200 OK in 34ms (Views: 34.0ms | ActiveRecord: 0.0ms)


Started GET "/assets/properties-64e62ddc273c2f5847f30d698ca14b67.css?body=1" for 127.0.0.1 at 2015-01-27 13:28:39 +0000


Started GET "/assets/jquery_ujs-e27bd20a10d28155845a22d71ef94f2f.js?body=1" for 127.0.0.1 at 2015-01-27 13:28:39 +0000


Started GET "/assets/turbolinks-686d2bf7d9d383528c901c64187a8c31.js?body=1" for 127.0.0.1 at 2015-01-27 13:28:39 +0000


Started GET "/assets/jquery-87424c3c19e96d4fb033c10ebe21ec40.js?body=1" for 127.0.0.1 at 2015-01-27 13:28:39 +0000


Started GET "/assets/scaffolds-f8d7cbcaae0d08b4fc112e6fc88b96ef.css?body=1" for 127.0.0.1 at 2015-01-27 13:28:39 +0000


Started GET "/assets/properties-fcec5b5a277ac7c20cc9f45a209a3bcd.js?body=1" for 127.0.0.1 at 2015-01-27 13:28:39 +0000


Started GET "/properties/" for 127.0.0.1 at 2015-01-27 13:30:23 +0000
Processing by PropertiesController#index as HTML
  Rendered properties/index.html.erb within layouts/application (0.4ms)
Completed 200 OK in 34ms (Views: 33.6ms | ActiveRecord: 0.0ms)


Started GET "/assets/properties-64e62ddc273c2f5847f30d698ca14b67.css?body=1" for 127.0.0.1 at 2015-01-27 13:30:23 +0000


Started GET "/assets/jquery_ujs-e27bd20a10d28155845a22d71ef94f2f.js?body=1" for 127.0.0.1 at 2015-01-27 13:30:23 +0000


Started GET "/assets/scaffolds-f8d7cbcaae0d08b4fc112e6fc88b96ef.css?body=1" for 127.0.0.1 at 2015-01-27 13:30:23 +0000


Started GET "/assets/jquery-87424c3c19e96d4fb033c10ebe21ec40.js?body=1" for 127.0.0.1 at 2015-01-27 13:30:23 +0000


Started GET "/assets/properties-fcec5b5a277ac7c20cc9f45a209a3bcd.js?body=1" for 127.0.0.1 at 2015-01-27 13:30:23 +0000


Started GET "/assets/turbolinks-686d2bf7d9d383528c901c64187a8c31.js?body=1" for 127.0.0.1 at 2015-01-27 13:30:23 +0000


Started GET "/properties" for 127.0.0.1 at 2015-01-27 13:30:39 +0000
Processing by PropertiesController#index as HTML
  Rendered properties/index.html.erb within layouts/application (0.1ms)
Completed 200 OK in 44ms (Views: 43.2ms | ActiveRecord: 0.0ms)


Started GET "/assets/properties-64e62ddc273c2f5847f30d698ca14b67.css?body=1" for 127.0.0.1 at 2015-01-27 13:30:39 +0000


Started GET "/properties" for 127.0.0.1 at 2015-01-27 13:30:40 +0000
Processing by PropertiesController#index as HTML
  Rendered properties/index.html.erb within layouts/application (0.1ms)
Completed 200 OK in 40ms (Views: 39.6ms | ActiveRecord: 0.0ms)


Started GET "/assets/properties-64e62ddc273c2f5847f30d698ca14b67.css?body=1" for 127.0.0.1 at 2015-01-27 13:30:41 +0000


Started GET "/assets/jquery_ujs-e27bd20a10d28155845a22d71ef94f2f.js?body=1" for 127.0.0.1 at 2015-01-27 13:30:41 +0000


Started GET "/assets/turbolinks-686d2bf7d9d383528c901c64187a8c31.js?body=1" for 127.0.0.1 at 2015-01-27 13:30:41 +0000


Started GET "/assets/scaffolds-f8d7cbcaae0d08b4fc112e6fc88b96ef.css?body=1" for 127.0.0.1 at 2015-01-27 13:30:41 +0000


Started GET "/assets/properties-fcec5b5a277ac7c20cc9f45a209a3bcd.js?body=1" for 127.0.0.1 at 2015-01-27 13:30:41 +0000


Started GET "/assets/jquery-87424c3c19e96d4fb033c10ebe21ec40.js?body=1" for 127.0.0.1 at 2015-01-27 13:30:41 +0000


Started GET "/" for 127.0.0.1 at 2015-01-27 14:25:10 +0000
Processing by Rails::WelcomeController#index as HTML
  Rendered /Users/hpwork/.rbenv/versions/2.1.5/lib/ruby/gems/2.1.0/gems/railties-4.2.0/lib/rails/templates/rails/welcome/index.html.erb (1.1ms)
Completed 200 OK in 14ms (Views: 5.9ms | ActiveRecord: 0.0ms)


Started GET "/properties" for 127.0.0.1 at 2015-01-27 14:25:12 +0000

ActionController::RoutingError (No route matches [GET] "/properties"):
  web-console (2.0.0) lib/action_dispatch/debug_exceptions.rb:22:in `middleware_call'
  web-console (2.0.0) lib/action_dispatch/debug_exceptions.rb:13:in `call'
  actionpack (4.2.0) lib/action_dispatch/middleware/show_exceptions.rb:30:in `call'
  railties (4.2.0) lib/rails/rack/logger.rb:38:in `call_app'
  railties (4.2.0) lib/rails/rack/logger.rb:20:in `block in call'
  activesupport (4.2.0) lib/active_support/tagged_logging.rb:68:in `block in tagged'
  activesupport (4.2.0) lib/active_support/tagged_logging.rb:26:in `tagged'
  activesupport (4.2.0) lib/active_support/tagged_logging.rb:68:in `tagged'
  railties (4.2.0) lib/rails/rack/logger.rb:20:in `call'
  actionpack (4.2.0) lib/action_dispatch/middleware/request_id.rb:21:in `call'
  rack (1.6.0) lib/rack/methodoverride.rb:22:in `call'
  rack (1.6.0) lib/rack/runtime.rb:18:in `call'
  activesupport (4.2.0) lib/active_support/cache/strategy/local_cache_middleware.rb:28:in `call'
  rack (1.6.0) lib/rack/lock.rb:17:in `call'
  actionpack (4.2.0) lib/action_dispatch/middleware/static.rb:113:in `call'
  rack (1.6.0) lib/rack/sendfile.rb:113:in `call'
  railties (4.2.0) lib/rails/engine.rb:518:in `call'
  railties (4.2.0) lib/rails/application.rb:164:in `call'
  rack (1.6.0) lib/rack/lock.rb:17:in `call'
  rack (1.6.0) lib/rack/content_length.rb:15:in `call'
  rack (1.6.0) lib/rack/handler/webrick.rb:89:in `service'
  /Users/hpwork/.rbenv/versions/2.1.5/lib/ruby/2.1.0/webrick/httpserver.rb:138:in `service'
  /Users/hpwork/.rbenv/versions/2.1.5/lib/ruby/2.1.0/webrick/httpserver.rb:94:in `run'
  /Users/hpwork/.rbenv/versions/2.1.5/lib/ruby/2.1.0/webrick/server.rb:295:in `block in start_thread'


  Rendered /Users/hpwork/.rbenv/versions/2.1.5/lib/ruby/gems/2.1.0/gems/web-console-2.0.0/lib/action_dispatch/templates/rescues/_trace.html.erb (1.6ms)
  Rendered /Users/hpwork/.rbenv/versions/2.1.5/lib/ruby/gems/2.1.0/gems/web-console-2.0.0/lib/action_dispatch/templates/routes/_route.html.erb (0.5ms)
  Rendered /Users/hpwork/.rbenv/versions/2.1.5/lib/ruby/gems/2.1.0/gems/web-console-2.0.0/lib/action_dispatch/templates/routes/_table.html.erb (6.1ms)
  Rendered /Users/hpwork/.rbenv/versions/2.1.5/lib/ruby/gems/2.1.0/gems/web-console-2.0.0/lib/action_dispatch/templates/rescues/_request_and_response.html.erb (0.9ms)
  Rendered /Users/hpwork/.rbenv/versions/2.1.5/lib/ruby/gems/2.1.0/gems/web-console-2.0.0/lib/action_dispatch/templates/rescues/_web_console.html.erb (0.7ms)
  Rendered /Users/hpwork/.rbenv/versions/2.1.5/lib/ruby/gems/2.1.0/gems/web-console-2.0.0/lib/action_dispatch/templates/rescues/routing_error.html.erb within rescues/layout (26.8ms)


Started GET "/properties/" for 127.0.0.1 at 2015-01-27 14:25:14 +0000

ActionController::RoutingError (No route matches [GET] "/properties"):
  web-console (2.0.0) lib/action_dispatch/debug_exceptions.rb:22:in `middleware_call'
  web-console (2.0.0) lib/action_dispatch/debug_exceptions.rb:13:in `call'
  actionpack (4.2.0) lib/action_dispatch/middleware/show_exceptions.rb:30:in `call'
  railties (4.2.0) lib/rails/rack/logger.rb:38:in `call_app'
  railties (4.2.0) lib/rails/rack/logger.rb:20:in `block in call'
  activesupport (4.2.0) lib/active_support/tagged_logging.rb:68:in `block in tagged'
  activesupport (4.2.0) lib/active_support/tagged_logging.rb:26:in `tagged'
  activesupport (4.2.0) lib/active_support/tagged_logging.rb:68:in `tagged'
  railties (4.2.0) lib/rails/rack/logger.rb:20:in `call'
  actionpack (4.2.0) lib/action_dispatch/middleware/request_id.rb:21:in `call'
  rack (1.6.0) lib/rack/methodoverride.rb:22:in `call'
  rack (1.6.0) lib/rack/runtime.rb:18:in `call'
  activesupport (4.2.0) lib/active_support/cache/strategy/local_cache_middleware.rb:28:in `call'
  rack (1.6.0) lib/rack/lock.rb:17:in `call'
  actionpack (4.2.0) lib/action_dispatch/middleware/static.rb:113:in `call'
  rack (1.6.0) lib/rack/sendfile.rb:113:in `call'
  railties (4.2.0) lib/rails/engine.rb:518:in `call'
  railties (4.2.0) lib/rails/application.rb:164:in `call'
  rack (1.6.0) lib/rack/lock.rb:17:in `call'
  rack (1.6.0) lib/rack/content_length.rb:15:in `call'
  rack (1.6.0) lib/rack/handler/webrick.rb:89:in `service'
  /Users/hpwork/.rbenv/versions/2.1.5/lib/ruby/2.1.0/webrick/httpserver.rb:138:in `service'
  /Users/hpwork/.rbenv/versions/2.1.5/lib/ruby/2.1.0/webrick/httpserver.rb:94:in `run'
  /Users/hpwork/.rbenv/versions/2.1.5/lib/ruby/2.1.0/webrick/server.rb:295:in `block in start_thread'


  Rendered /Users/hpwork/.rbenv/versions/2.1.5/lib/ruby/gems/2.1.0/gems/web-console-2.0.0/lib/action_dispatch/templates/rescues/_trace.html.erb (0.9ms)
  Rendered /Users/hpwork/.rbenv/versions/2.1.5/lib/ruby/gems/2.1.0/gems/web-console-2.0.0/lib/action_dispatch/templates/routes/_route.html.erb (0.4ms)
  Rendered /Users/hpwork/.rbenv/versions/2.1.5/lib/ruby/gems/2.1.0/gems/web-console-2.0.0/lib/action_dispatch/templates/routes/_table.html.erb (0.8ms)
  Rendered /Users/hpwork/.rbenv/versions/2.1.5/lib/ruby/gems/2.1.0/gems/web-console-2.0.0/lib/action_dispatch/templates/rescues/_request_and_response.html.erb (0.8ms)
  Rendered /Users/hpwork/.rbenv/versions/2.1.5/lib/ruby/gems/2.1.0/gems/web-console-2.0.0/lib/action_dispatch/templates/rescues/_web_console.html.erb (0.7ms)
  Rendered /Users/hpwork/.rbenv/versions/2.1.5/lib/ruby/gems/2.1.0/gems/web-console-2.0.0/lib/action_dispatch/templates/rescues/routing_error.html.erb within rescues/layout (17.8ms)


Started GET "/properties/" for 127.0.0.1 at 2015-01-27 14:25:26 +0000

ActionController::RoutingError (No route matches [GET] "/properties"):
  web-console (2.0.0) lib/action_dispatch/debug_exceptions.rb:22:in `middleware_call'
  web-console (2.0.0) lib/action_dispatch/debug_exceptions.rb:13:in `call'
  actionpack (4.2.0) lib/action_dispatch/middleware/show_exceptions.rb:30:in `call'
  railties (4.2.0) lib/rails/rack/logger.rb:38:in `call_app'
  railties (4.2.0) lib/rails/rack/logger.rb:20:in `block in call'
  activesupport (4.2.0) lib/active_support/tagged_logging.rb:68:in `block in tagged'
  activesupport (4.2.0) lib/active_support/tagged_logging.rb:26:in `tagged'
  activesupport (4.2.0) lib/active_support/tagged_logging.rb:68:in `tagged'
  railties (4.2.0) lib/rails/rack/logger.rb:20:in `call'
  actionpack (4.2.0) lib/action_dispatch/middleware/request_id.rb:21:in `call'
  rack (1.6.0) lib/rack/methodoverride.rb:22:in `call'
  rack (1.6.0) lib/rack/runtime.rb:18:in `call'
  activesupport (4.2.0) lib/active_support/cache/strategy/local_cache_middleware.rb:28:in `call'
  rack (1.6.0) lib/rack/lock.rb:17:in `call'
  actionpack (4.2.0) lib/action_dispatch/middleware/static.rb:113:in `call'
  rack (1.6.0) lib/rack/sendfile.rb:113:in `call'
  railties (4.2.0) lib/rails/engine.rb:518:in `call'
  railties (4.2.0) lib/rails/application.rb:164:in `call'
  rack (1.6.0) lib/rack/lock.rb:17:in `call'
  rack (1.6.0) lib/rack/content_length.rb:15:in `call'
  rack (1.6.0) lib/rack/handler/webrick.rb:89:in `service'
  /Users/hpwork/.rbenv/versions/2.1.5/lib/ruby/2.1.0/webrick/httpserver.rb:138:in `service'
  /Users/hpwork/.rbenv/versions/2.1.5/lib/ruby/2.1.0/webrick/httpserver.rb:94:in `run'
  /Users/hpwork/.rbenv/versions/2.1.5/lib/ruby/2.1.0/webrick/server.rb:295:in `block in start_thread'


  Rendered /Users/hpwork/.rbenv/versions/2.1.5/lib/ruby/gems/2.1.0/gems/web-console-2.0.0/lib/action_dispatch/templates/rescues/_trace.html.erb (0.9ms)
  Rendered /Users/hpwork/.rbenv/versions/2.1.5/lib/ruby/gems/2.1.0/gems/web-console-2.0.0/lib/action_dispatch/templates/routes/_route.html.erb (0.4ms)
  Rendered /Users/hpwork/.rbenv/versions/2.1.5/lib/ruby/gems/2.1.0/gems/web-console-2.0.0/lib/action_dispatch/templates/routes/_table.html.erb (0.8ms)
  Rendered /Users/hpwork/.rbenv/versions/2.1.5/lib/ruby/gems/2.1.0/gems/web-console-2.0.0/lib/action_dispatch/templates/rescues/_request_and_response.html.erb (0.8ms)
  Rendered /Users/hpwork/.rbenv/versions/2.1.5/lib/ruby/gems/2.1.0/gems/web-console-2.0.0/lib/action_dispatch/templates/rescues/_web_console.html.erb (1.0ms)
  Rendered /Users/hpwork/.rbenv/versions/2.1.5/lib/ruby/gems/2.1.0/gems/web-console-2.0.0/lib/action_dispatch/templates/rescues/routing_error.html.erb within rescues/layout (18.4ms)


Started GET "/properties/stuff/stuff" for 127.0.0.1 at 2015-01-27 14:25:30 +0000
Processing by PropertiesController#show as HTML
  Parameters: {"postcode"=>"stuff", "address_string"=>"stuff"}
  Rendered properties/show.html.erb within layouts/application (0.4ms)
Completed 200 OK in 61ms (Views: 60.7ms | ActiveRecord: 0.0ms)


Started GET "/assets/properties-64e62ddc273c2f5847f30d698ca14b67.css?body=1" for 127.0.0.1 at 2015-01-27 14:25:30 +0000


Started GET "/properties/stuff/stuff" for 127.0.0.1 at 2015-01-27 14:26:41 +0000
Processing by PropertiesController#show as HTML
  Parameters: {"postcode"=>"stuff", "address_string"=>"stuff"}
  Rendered properties/show.html.erb within layouts/application (0.9ms)
Completed 200 OK in 104ms (Views: 95.5ms | ActiveRecord: 0.0ms)


Started GET "/assets/properties-64e62ddc273c2f5847f30d698ca14b67.css?body=1" for 127.0.0.1 at 2015-01-27 14:26:41 +0000


Started GET "/assets/jquery-87424c3c19e96d4fb033c10ebe21ec40.js?body=1" for 127.0.0.1 at 2015-01-27 14:26:41 +0000


Started GET "/assets/jquery_ujs-e27bd20a10d28155845a22d71ef94f2f.js?body=1" for 127.0.0.1 at 2015-01-27 14:26:41 +0000


Started GET "/assets/scaffolds-f8d7cbcaae0d08b4fc112e6fc88b96ef.css?body=1" for 127.0.0.1 at 2015-01-27 14:26:41 +0000


Started GET "/assets/turbolinks-686d2bf7d9d383528c901c64187a8c31.js?body=1" for 127.0.0.1 at 2015-01-27 14:26:41 +0000


Started GET "/assets/properties-fcec5b5a277ac7c20cc9f45a209a3bcd.js?body=1" for 127.0.0.1 at 2015-01-27 14:26:41 +0000


Started GET "/properties/stuff/stuff" for 127.0.0.1 at 2015-01-27 14:28:28 +0000
Processing by PropertiesController#show as HTML
  Parameters: {"postcode"=>"stuff", "address_string"=>"stuff"}
  Rendered properties/show.html.erb within layouts/application (0.1ms)
Completed 200 OK in 41ms (Views: 39.8ms | ActiveRecord: 0.0ms)


Started GET "/assets/properties-64e62ddc273c2f5847f30d698ca14b67.css?body=1" for 127.0.0.1 at 2015-01-27 14:28:28 +0000


Started GET "/assets/jquery-87424c3c19e96d4fb033c10ebe21ec40.js?body=1" for 127.0.0.1 at 2015-01-27 14:28:28 +0000


Started GET "/assets/jquery_ujs-e27bd20a10d28155845a22d71ef94f2f.js?body=1" for 127.0.0.1 at 2015-01-27 14:28:28 +0000


Started GET "/assets/scaffolds-f8d7cbcaae0d08b4fc112e6fc88b96ef.css?body=1" for 127.0.0.1 at 2015-01-27 14:28:28 +0000


Started GET "/assets/turbolinks-686d2bf7d9d383528c901c64187a8c31.js?body=1" for 127.0.0.1 at 2015-01-27 14:28:28 +0000


Started GET "/assets/properties-fcec5b5a277ac7c20cc9f45a209a3bcd.js?body=1" for 127.0.0.1 at 2015-01-27 14:28:28 +0000


Started GET "/properties/stuff/stuff" for 127.0.0.1 at 2015-01-27 14:29:43 +0000
Processing by PropertiesController#show as HTML
  Parameters: {"postcode"=>"stuff", "address_string"=>"stuff"}
Completed 500 Internal Server Error in 3ms

NameError (undefined local variable or method `postcode' for #<PropertiesController:0x007fa4302e9a60>):
  app/controllers/properties_controller.rb:21:in `show'


  Rendered /Users/hpwork/.rbenv/versions/2.1.5/lib/ruby/gems/2.1.0/gems/web-console-2.0.0/lib/action_dispatch/templates/rescues/_source.erb (3.9ms)
  Rendered /Users/hpwork/.rbenv/versions/2.1.5/lib/ruby/gems/2.1.0/gems/web-console-2.0.0/lib/action_dispatch/templates/rescues/_trace.html.erb (1.4ms)
  Rendered /Users/hpwork/.rbenv/versions/2.1.5/lib/ruby/gems/2.1.0/gems/web-console-2.0.0/lib/action_dispatch/templates/rescues/_request_and_response.html.erb (0.6ms)
  Rendered /Users/hpwork/.rbenv/versions/2.1.5/lib/ruby/gems/2.1.0/gems/web-console-2.0.0/lib/action_dispatch/templates/rescues/_web_console.html.erb (0.7ms)
  Rendered /Users/hpwork/.rbenv/versions/2.1.5/lib/ruby/gems/2.1.0/gems/web-console-2.0.0/lib/action_dispatch/templates/rescues/diagnostics.html.erb within rescues/layout (20.5ms)


Started GET "/properties/stuff/stuff" for 127.0.0.1 at 2015-01-27 14:30:23 +0000
Processing by PropertiesController#show as HTML
  Parameters: {"postcode"=>"stuff", "address_string"=>"stuff"}
  Rendered properties/show.html.erb within layouts/application (0.1ms)
Completed 200 OK in 38ms (Views: 37.9ms | ActiveRecord: 0.0ms)


Started GET "/assets/properties-64e62ddc273c2f5847f30d698ca14b67.css?body=1" for 127.0.0.1 at 2015-01-27 14:30:23 +0000


Started GET "/assets/jquery-87424c3c19e96d4fb033c10ebe21ec40.js?body=1" for 127.0.0.1 at 2015-01-27 14:30:23 +0000


Started GET "/assets/turbolinks-686d2bf7d9d383528c901c64187a8c31.js?body=1" for 127.0.0.1 at 2015-01-27 14:30:23 +0000


Started GET "/assets/jquery_ujs-e27bd20a10d28155845a22d71ef94f2f.js?body=1" for 127.0.0.1 at 2015-01-27 14:30:23 +0000


Started GET "/assets/scaffolds-f8d7cbcaae0d08b4fc112e6fc88b96ef.css?body=1" for 127.0.0.1 at 2015-01-27 14:30:23 +0000


Started GET "/assets/properties-fcec5b5a277ac7c20cc9f45a209a3bcd.js?body=1" for 127.0.0.1 at 2015-01-27 14:30:23 +0000


Started GET "/properties/stuff/stuff" for 127.0.0.1 at 2015-01-27 14:31:09 +0000
Processing by PropertiesController#show as HTML
  Parameters: {"postcode"=>"stuff", "address_string"=>"stuff"}
  Rendered properties/show.html.erb within layouts/application (0.1ms)
Completed 200 OK in 35ms (Views: 34.9ms | ActiveRecord: 0.0ms)


Started GET "/assets/properties-64e62ddc273c2f5847f30d698ca14b67.css?body=1" for 127.0.0.1 at 2015-01-27 14:31:09 +0000


Started GET "/assets/properties-fcec5b5a277ac7c20cc9f45a209a3bcd.js?body=1" for 127.0.0.1 at 2015-01-27 14:31:09 +0000


Started GET "/assets/jquery-87424c3c19e96d4fb033c10ebe21ec40.js?body=1" for 127.0.0.1 at 2015-01-27 14:31:09 +0000


Started GET "/assets/turbolinks-686d2bf7d9d383528c901c64187a8c31.js?body=1" for 127.0.0.1 at 2015-01-27 14:31:09 +0000


Started GET "/assets/scaffolds-f8d7cbcaae0d08b4fc112e6fc88b96ef.css?body=1" for 127.0.0.1 at 2015-01-27 14:31:09 +0000


Started GET "/assets/jquery_ujs-e27bd20a10d28155845a22d71ef94f2f.js?body=1" for 127.0.0.1 at 2015-01-27 14:31:09 +0000


Started GET "/properties" for 127.0.0.1 at 2015-01-27 14:51:11 +0000

ActionController::RoutingError (No route matches [GET] "/properties"):
  web-console (2.0.0) lib/action_dispatch/debug_exceptions.rb:22:in `middleware_call'
  web-console (2.0.0) lib/action_dispatch/debug_exceptions.rb:13:in `call'
  actionpack (4.2.0) lib/action_dispatch/middleware/show_exceptions.rb:30:in `call'
  railties (4.2.0) lib/rails/rack/logger.rb:38:in `call_app'
  railties (4.2.0) lib/rails/rack/logger.rb:20:in `block in call'
  activesupport (4.2.0) lib/active_support/tagged_logging.rb:68:in `block in tagged'
  activesupport (4.2.0) lib/active_support/tagged_logging.rb:26:in `tagged'
  activesupport (4.2.0) lib/active_support/tagged_logging.rb:68:in `tagged'
  railties (4.2.0) lib/rails/rack/logger.rb:20:in `call'
  actionpack (4.2.0) lib/action_dispatch/middleware/request_id.rb:21:in `call'
  rack (1.6.0) lib/rack/methodoverride.rb:22:in `call'
  rack (1.6.0) lib/rack/runtime.rb:18:in `call'
  activesupport (4.2.0) lib/active_support/cache/strategy/local_cache_middleware.rb:28:in `call'
  rack (1.6.0) lib/rack/lock.rb:17:in `call'
  actionpack (4.2.0) lib/action_dispatch/middleware/static.rb:113:in `call'
  rack (1.6.0) lib/rack/sendfile.rb:113:in `call'
  railties (4.2.0) lib/rails/engine.rb:518:in `call'
  railties (4.2.0) lib/rails/application.rb:164:in `call'
  rack (1.6.0) lib/rack/lock.rb:17:in `call'
  rack (1.6.0) lib/rack/content_length.rb:15:in `call'
  rack (1.6.0) lib/rack/handler/webrick.rb:89:in `service'
  /Users/hpwork/.rbenv/versions/2.1.5/lib/ruby/2.1.0/webrick/httpserver.rb:138:in `service'
  /Users/hpwork/.rbenv/versions/2.1.5/lib/ruby/2.1.0/webrick/httpserver.rb:94:in `run'
  /Users/hpwork/.rbenv/versions/2.1.5/lib/ruby/2.1.0/webrick/server.rb:295:in `block in start_thread'


  Rendered /Users/hpwork/.rbenv/versions/2.1.5/lib/ruby/gems/2.1.0/gems/web-console-2.0.0/lib/action_dispatch/templates/rescues/_trace.html.erb (1.0ms)
  Rendered /Users/hpwork/.rbenv/versions/2.1.5/lib/ruby/gems/2.1.0/gems/web-console-2.0.0/lib/action_dispatch/templates/routes/_route.html.erb (1.0ms)
  Rendered /Users/hpwork/.rbenv/versions/2.1.5/lib/ruby/gems/2.1.0/gems/web-console-2.0.0/lib/action_dispatch/templates/routes/_table.html.erb (5.1ms)
  Rendered /Users/hpwork/.rbenv/versions/2.1.5/lib/ruby/gems/2.1.0/gems/web-console-2.0.0/lib/action_dispatch/templates/rescues/_request_and_response.html.erb (0.9ms)
  Rendered /Users/hpwork/.rbenv/versions/2.1.5/lib/ruby/gems/2.1.0/gems/web-console-2.0.0/lib/action_dispatch/templates/rescues/_web_console.html.erb (0.7ms)
  Rendered /Users/hpwork/.rbenv/versions/2.1.5/lib/ruby/gems/2.1.0/gems/web-console-2.0.0/lib/action_dispatch/templates/rescues/routing_error.html.erb within rescues/layout (26.3ms)


Started GET "/properties/" for 127.0.0.1 at 2015-01-27 14:51:16 +0000

ActionController::RoutingError (No route matches [GET] "/properties"):
  web-console (2.0.0) lib/action_dispatch/debug_exceptions.rb:22:in `middleware_call'
  web-console (2.0.0) lib/action_dispatch/debug_exceptions.rb:13:in `call'
  actionpack (4.2.0) lib/action_dispatch/middleware/show_exceptions.rb:30:in `call'
  railties (4.2.0) lib/rails/rack/logger.rb:38:in `call_app'
  railties (4.2.0) lib/rails/rack/logger.rb:20:in `block in call'
  activesupport (4.2.0) lib/active_support/tagged_logging.rb:68:in `block in tagged'
  activesupport (4.2.0) lib/active_support/tagged_logging.rb:26:in `tagged'
  activesupport (4.2.0) lib/active_support/tagged_logging.rb:68:in `tagged'
  railties (4.2.0) lib/rails/rack/logger.rb:20:in `call'
  actionpack (4.2.0) lib/action_dispatch/middleware/request_id.rb:21:in `call'
  rack (1.6.0) lib/rack/methodoverride.rb:22:in `call'
  rack (1.6.0) lib/rack/runtime.rb:18:in `call'
  activesupport (4.2.0) lib/active_support/cache/strategy/local_cache_middleware.rb:28:in `call'
  rack (1.6.0) lib/rack/lock.rb:17:in `call'
  actionpack (4.2.0) lib/action_dispatch/middleware/static.rb:113:in `call'
  rack (1.6.0) lib/rack/sendfile.rb:113:in `call'
  railties (4.2.0) lib/rails/engine.rb:518:in `call'
  railties (4.2.0) lib/rails/application.rb:164:in `call'
  rack (1.6.0) lib/rack/lock.rb:17:in `call'
  rack (1.6.0) lib/rack/content_length.rb:15:in `call'
  rack (1.6.0) lib/rack/handler/webrick.rb:89:in `service'
  /Users/hpwork/.rbenv/versions/2.1.5/lib/ruby/2.1.0/webrick/httpserver.rb:138:in `service'
  /Users/hpwork/.rbenv/versions/2.1.5/lib/ruby/2.1.0/webrick/httpserver.rb:94:in `run'
  /Users/hpwork/.rbenv/versions/2.1.5/lib/ruby/2.1.0/webrick/server.rb:295:in `block in start_thread'


  Rendered /Users/hpwork/.rbenv/versions/2.1.5/lib/ruby/gems/2.1.0/gems/web-console-2.0.0/lib/action_dispatch/templates/rescues/_trace.html.erb (1.0ms)
  Rendered /Users/hpwork/.rbenv/versions/2.1.5/lib/ruby/gems/2.1.0/gems/web-console-2.0.0/lib/action_dispatch/templates/routes/_route.html.erb (0.4ms)
  Rendered /Users/hpwork/.rbenv/versions/2.1.5/lib/ruby/gems/2.1.0/gems/web-console-2.0.0/lib/action_dispatch/templates/routes/_table.html.erb (1.0ms)
  Rendered /Users/hpwork/.rbenv/versions/2.1.5/lib/ruby/gems/2.1.0/gems/web-console-2.0.0/lib/action_dispatch/templates/rescues/_request_and_response.html.erb (1.3ms)
  Rendered /Users/hpwork/.rbenv/versions/2.1.5/lib/ruby/gems/2.1.0/gems/web-console-2.0.0/lib/action_dispatch/templates/rescues/_web_console.html.erb (1.0ms)
  Rendered /Users/hpwork/.rbenv/versions/2.1.5/lib/ruby/gems/2.1.0/gems/web-console-2.0.0/lib/action_dispatch/templates/rescues/routing_error.html.erb within rescues/layout (19.8ms)


Started GET "/properties/postcode/address" for 127.0.0.1 at 2015-01-27 14:51:23 +0000
Processing by PropertiesController#show as HTML
  Parameters: {"postcode"=>"postcode", "address_string"=>"address"}
  Rendered properties/show.html.erb within layouts/application (0.4ms)
Completed 200 OK in 48ms (Views: 47.2ms | ActiveRecord: 0.0ms)


Started GET "/assets/properties-64e62ddc273c2f5847f30d698ca14b67.css?body=1" for 127.0.0.1 at 2015-01-27 14:51:24 +0000


Started GET "/assets/scaffolds-f8d7cbcaae0d08b4fc112e6fc88b96ef.css?body=1" for 127.0.0.1 at 2015-01-27 14:51:24 +0000


Started GET "/assets/turbolinks-686d2bf7d9d383528c901c64187a8c31.js?body=1" for 127.0.0.1 at 2015-01-27 14:51:24 +0000


Started GET "/assets/properties-fcec5b5a277ac7c20cc9f45a209a3bcd.js?body=1" for 127.0.0.1 at 2015-01-27 14:51:24 +0000


Started GET "/assets/jquery_ujs-e27bd20a10d28155845a22d71ef94f2f.js?body=1" for 127.0.0.1 at 2015-01-27 14:51:24 +0000


Started GET "/assets/jquery-87424c3c19e96d4fb033c10ebe21ec40.js?body=1" for 127.0.0.1 at 2015-01-27 14:51:24 +0000


Started GET "/properties/postcode/address" for 127.0.0.1 at 2015-01-27 14:52:27 +0000
Processing by PropertiesController#show as HTML
  Parameters: {"postcode"=>"postcode", "address_string"=>"address"}
  Rendered properties/show.html.erb within layouts/application (0.4ms)
Completed 200 OK in 34ms (Views: 34.1ms | ActiveRecord: 0.0ms)


Started GET "/assets/properties-64e62ddc273c2f5847f30d698ca14b67.css?body=1" for 127.0.0.1 at 2015-01-27 14:52:28 +0000


Started GET "/assets/jquery_ujs-e27bd20a10d28155845a22d71ef94f2f.js?body=1" for 127.0.0.1 at 2015-01-27 14:52:28 +0000


Started GET "/assets/turbolinks-686d2bf7d9d383528c901c64187a8c31.js?body=1" for 127.0.0.1 at 2015-01-27 14:52:28 +0000


Started GET "/assets/scaffolds-f8d7cbcaae0d08b4fc112e6fc88b96ef.css?body=1" for 127.0.0.1 at 2015-01-27 14:52:28 +0000


Started GET "/assets/jquery-87424c3c19e96d4fb033c10ebe21ec40.js?body=1" for 127.0.0.1 at 2015-01-27 14:52:28 +0000


Started GET "/assets/properties-fcec5b5a277ac7c20cc9f45a209a3bcd.js?body=1" for 127.0.0.1 at 2015-01-27 14:52:28 +0000


Started GET "/properties/postcode/address" for 127.0.0.1 at 2015-01-27 14:53:07 +0000
Processing by PropertiesController#show as HTML
  Parameters: {"postcode"=>"postcode", "address_string"=>"address"}
  Rendered properties/show.html.erb within layouts/application (0.5ms)
Completed 200 OK in 56ms (Views: 55.9ms | ActiveRecord: 0.0ms)


Started GET "/assets/properties-64e62ddc273c2f5847f30d698ca14b67.css?body=1" for 127.0.0.1 at 2015-01-27 14:53:07 +0000


Started GET "/assets/scaffolds-f8d7cbcaae0d08b4fc112e6fc88b96ef.css?body=1" for 127.0.0.1 at 2015-01-27 14:53:07 +0000


Started GET "/assets/jquery-87424c3c19e96d4fb033c10ebe21ec40.js?body=1" for 127.0.0.1 at 2015-01-27 14:53:07 +0000


Started GET "/assets/properties-fcec5b5a277ac7c20cc9f45a209a3bcd.js?body=1" for 127.0.0.1 at 2015-01-27 14:53:07 +0000


Started GET "/assets/turbolinks-686d2bf7d9d383528c901c64187a8c31.js?body=1" for 127.0.0.1 at 2015-01-27 14:53:07 +0000


Started GET "/assets/jquery_ujs-e27bd20a10d28155845a22d71ef94f2f.js?body=1" for 127.0.0.1 at 2015-01-27 14:53:07 +0000


Started GET "/properties/postcode/address" for 127.0.0.1 at 2015-01-27 14:53:59 +0000
Processing by PropertiesController#show as HTML
  Parameters: {"postcode"=>"postcode", "address_string"=>"address"}
  Rendered properties/show.html.erb within layouts/application (0.5ms)
Completed 200 OK in 44ms (Views: 43.1ms | ActiveRecord: 0.0ms)


Started GET "/assets/properties-64e62ddc273c2f5847f30d698ca14b67.css?body=1" for 127.0.0.1 at 2015-01-27 14:53:59 +0000


Started GET "/assets/turbolinks-686d2bf7d9d383528c901c64187a8c31.js?body=1" for 127.0.0.1 at 2015-01-27 14:53:59 +0000


Started GET "/assets/jquery-87424c3c19e96d4fb033c10ebe21ec40.js?body=1" for 127.0.0.1 at 2015-01-27 14:53:59 +0000


Started GET "/assets/scaffolds-f8d7cbcaae0d08b4fc112e6fc88b96ef.css?body=1" for 127.0.0.1 at 2015-01-27 14:53:59 +0000


Started GET "/assets/jquery_ujs-e27bd20a10d28155845a22d71ef94f2f.js?body=1" for 127.0.0.1 at 2015-01-27 14:53:59 +0000


Started GET "/assets/properties-fcec5b5a277ac7c20cc9f45a209a3bcd.js?body=1" for 127.0.0.1 at 2015-01-27 14:53:59 +0000


Started GET "/properties/postcode/address" for 127.0.0.1 at 2015-01-27 14:56:44 +0000
Processing by PropertiesController#show as HTML
  Parameters: {"postcode"=>"postcode", "address_string"=>"address"}
Completed 500 Internal Server Error in 2ms

NameError (uninitialized constant PropertiesController::LandRegistryApi):
  app/controllers/properties_controller.rb:21:in `show'


  Rendered /Users/hpwork/.rbenv/versions/2.1.5/lib/ruby/gems/2.1.0/gems/web-console-2.0.0/lib/action_dispatch/templates/rescues/_source.erb (4.2ms)
  Rendered /Users/hpwork/.rbenv/versions/2.1.5/lib/ruby/gems/2.1.0/gems/web-console-2.0.0/lib/action_dispatch/templates/rescues/_trace.html.erb (2.1ms)
  Rendered /Users/hpwork/.rbenv/versions/2.1.5/lib/ruby/gems/2.1.0/gems/web-console-2.0.0/lib/action_dispatch/templates/rescues/_request_and_response.html.erb (1.1ms)
  Rendered /Users/hpwork/.rbenv/versions/2.1.5/lib/ruby/gems/2.1.0/gems/web-console-2.0.0/lib/action_dispatch/templates/rescues/_web_console.html.erb (0.7ms)
  Rendered /Users/hpwork/.rbenv/versions/2.1.5/lib/ruby/gems/2.1.0/gems/web-console-2.0.0/lib/action_dispatch/templates/rescues/diagnostics.html.erb within rescues/layout (21.8ms)


Started GET "/properties/postcode/address" for 127.0.0.1 at 2015-01-27 14:57:11 +0000
Processing by PropertiesController#show as HTML
  Parameters: {"postcode"=>"postcode", "address_string"=>"address"}
Completed 500 Internal Server Error in 1ms

NoMethodError (undefined method `get' for #<LandRegistryApi:0x007fa4312f07d8>):
  app/controllers/properties_controller.rb:23:in `show'


  Rendered /Users/hpwork/.rbenv/versions/2.1.5/lib/ruby/gems/2.1.0/gems/web-console-2.0.0/lib/action_dispatch/templates/rescues/_source.erb (10.6ms)
  Rendered /Users/hpwork/.rbenv/versions/2.1.5/lib/ruby/gems/2.1.0/gems/web-console-2.0.0/lib/action_dispatch/templates/rescues/_trace.html.erb (2.0ms)
  Rendered /Users/hpwork/.rbenv/versions/2.1.5/lib/ruby/gems/2.1.0/gems/web-console-2.0.0/lib/action_dispatch/templates/rescues/_request_and_response.html.erb (0.7ms)
  Rendered /Users/hpwork/.rbenv/versions/2.1.5/lib/ruby/gems/2.1.0/gems/web-console-2.0.0/lib/action_dispatch/templates/rescues/_web_console.html.erb (0.8ms)
  Rendered /Users/hpwork/.rbenv/versions/2.1.5/lib/ruby/gems/2.1.0/gems/web-console-2.0.0/lib/action_dispatch/templates/rescues/diagnostics.html.erb within rescues/layout (27.0ms)


Started GET "/properties/postcode/address" for 127.0.0.1 at 2015-01-27 14:57:46 +0000
Processing by PropertiesController#show as HTML
  Parameters: {"postcode"=>"postcode", "address_string"=>"address"}
Completed 500 Internal Server Error in 1ms

NoMethodError (undefined method `get' for #<LandRegistryApi:0x007fa430349eb0>):
  app/controllers/properties_controller.rb:23:in `show'


  Rendered /Users/hpwork/.rbenv/versions/2.1.5/lib/ruby/gems/2.1.0/gems/web-console-2.0.0/lib/action_dispatch/templates/rescues/_source.erb (5.3ms)
  Rendered /Users/hpwork/.rbenv/versions/2.1.5/lib/ruby/gems/2.1.0/gems/web-console-2.0.0/lib/action_dispatch/templates/rescues/_trace.html.erb (1.9ms)
  Rendered /Users/hpwork/.rbenv/versions/2.1.5/lib/ruby/gems/2.1.0/gems/web-console-2.0.0/lib/action_dispatch/templates/rescues/_request_and_response.html.erb (0.7ms)
  Rendered /Users/hpwork/.rbenv/versions/2.1.5/lib/ruby/gems/2.1.0/gems/web-console-2.0.0/lib/action_dispatch/templates/rescues/_web_console.html.erb (0.8ms)
  Rendered /Users/hpwork/.rbenv/versions/2.1.5/lib/ruby/gems/2.1.0/gems/web-console-2.0.0/lib/action_dispatch/templates/rescues/diagnostics.html.erb within rescues/layout (21.1ms)


Started GET "/properties/postcode/address" for 127.0.0.1 at 2015-01-27 14:57:56 +0000
Processing by PropertiesController#show as HTML
  Parameters: {"postcode"=>"postcode", "address_string"=>"address"}
Completed 500 Internal Server Error in 1ms

NoMethodError (undefined method `get' for #<LandRegistryApi:0x007fa429df2eb8>):
  app/controllers/properties_controller.rb:23:in `show'


  Rendered /Users/hpwork/.rbenv/versions/2.1.5/lib/ruby/gems/2.1.0/gems/web-console-2.0.0/lib/action_dispatch/templates/rescues/_source.erb (3.7ms)
  Rendered /Users/hpwork/.rbenv/versions/2.1.5/lib/ruby/gems/2.1.0/gems/web-console-2.0.0/lib/action_dispatch/templates/rescues/_trace.html.erb (1.9ms)
  Rendered /Users/hpwork/.rbenv/versions/2.1.5/lib/ruby/gems/2.1.0/gems/web-console-2.0.0/lib/action_dispatch/templates/rescues/_request_and_response.html.erb (0.6ms)
  Rendered /Users/hpwork/.rbenv/versions/2.1.5/lib/ruby/gems/2.1.0/gems/web-console-2.0.0/lib/action_dispatch/templates/rescues/_web_console.html.erb (0.6ms)
  Rendered /Users/hpwork/.rbenv/versions/2.1.5/lib/ruby/gems/2.1.0/gems/web-console-2.0.0/lib/action_dispatch/templates/rescues/diagnostics.html.erb within rescues/layout (18.2ms)


Started GET "/properties/postcode/addresss" for 127.0.0.1 at 2015-01-27 14:58:03 +0000
Processing by PropertiesController#show as HTML
  Parameters: {"postcode"=>"postcode", "address_string"=>"addresss"}
Completed 500 Internal Server Error in 1ms

NoMethodError (undefined method `get' for #<LandRegistryApi:0x007fa42efac8d0>):
  app/controllers/properties_controller.rb:23:in `show'


  Rendered /Users/hpwork/.rbenv/versions/2.1.5/lib/ruby/gems/2.1.0/gems/web-console-2.0.0/lib/action_dispatch/templates/rescues/_source.erb (3.7ms)
  Rendered /Users/hpwork/.rbenv/versions/2.1.5/lib/ruby/gems/2.1.0/gems/web-console-2.0.0/lib/action_dispatch/templates/rescues/_trace.html.erb (1.8ms)
  Rendered /Users/hpwork/.rbenv/versions/2.1.5/lib/ruby/gems/2.1.0/gems/web-console-2.0.0/lib/action_dispatch/templates/rescues/_request_and_response.html.erb (0.6ms)
  Rendered /Users/hpwork/.rbenv/versions/2.1.5/lib/ruby/gems/2.1.0/gems/web-console-2.0.0/lib/action_dispatch/templates/rescues/_web_console.html.erb (0.7ms)
  Rendered /Users/hpwork/.rbenv/versions/2.1.5/lib/ruby/gems/2.1.0/gems/web-console-2.0.0/lib/action_dispatch/templates/rescues/diagnostics.html.erb within rescues/layout (18.5ms)


Started GET "/properties/postcode/addresss" for 127.0.0.1 at 2015-01-27 14:58:13 +0000
Processing by PropertiesController#show as HTML
  Parameters: {"postcode"=>"postcode", "address_string"=>"addresss"}
Completed 500 Internal Server Error in 8ms

ArgumentError (wrong number of arguments (2 for 0)):
  lib/land_registry_api.rb:2:in `get'
  app/controllers/properties_controller.rb:23:in `show'


  Rendered /Users/hpwork/.rbenv/versions/2.1.5/lib/ruby/gems/2.1.0/gems/web-console-2.0.0/lib/action_dispatch/templates/rescues/_source.erb (3.9ms)
  Rendered /Users/hpwork/.rbenv/versions/2.1.5/lib/ruby/gems/2.1.0/gems/web-console-2.0.0/lib/action_dispatch/templates/rescues/_trace.html.erb (1.7ms)
  Rendered /Users/hpwork/.rbenv/versions/2.1.5/lib/ruby/gems/2.1.0/gems/web-console-2.0.0/lib/action_dispatch/templates/rescues/_request_and_response.html.erb (0.7ms)
  Rendered /Users/hpwork/.rbenv/versions/2.1.5/lib/ruby/gems/2.1.0/gems/web-console-2.0.0/lib/action_dispatch/templates/rescues/_web_console.html.erb (0.7ms)
  Rendered /Users/hpwork/.rbenv/versions/2.1.5/lib/ruby/gems/2.1.0/gems/web-console-2.0.0/lib/action_dispatch/templates/rescues/diagnostics.html.erb within rescues/layout (21.7ms)


Started GET "/properties/postcode/addresss" for 127.0.0.1 at 2015-01-27 14:58:29 +0000
Processing by PropertiesController#show as HTML
  Parameters: {"postcode"=>"postcode", "address_string"=>"addresss"}
Completed 500 Internal Server Error in 1ms

ArgumentError (wrong number of arguments (2 for 0)):
  lib/land_registry_api.rb:2:in `get'
  app/controllers/properties_controller.rb:23:in `show'


  Rendered /Users/hpwork/.rbenv/versions/2.1.5/lib/ruby/gems/2.1.0/gems/web-console-2.0.0/lib/action_dispatch/templates/rescues/_source.erb (3.4ms)
  Rendered /Users/hpwork/.rbenv/versions/2.1.5/lib/ruby/gems/2.1.0/gems/web-console-2.0.0/lib/action_dispatch/templates/rescues/_trace.html.erb (1.4ms)
  Rendered /Users/hpwork/.rbenv/versions/2.1.5/lib/ruby/gems/2.1.0/gems/web-console-2.0.0/lib/action_dispatch/templates/rescues/_request_and_response.html.erb (0.7ms)
  Rendered /Users/hpwork/.rbenv/versions/2.1.5/lib/ruby/gems/2.1.0/gems/web-console-2.0.0/lib/action_dispatch/templates/rescues/_web_console.html.erb (0.9ms)
  Rendered /Users/hpwork/.rbenv/versions/2.1.5/lib/ruby/gems/2.1.0/gems/web-console-2.0.0/lib/action_dispatch/templates/rescues/diagnostics.html.erb within rescues/layout (18.7ms)


Started GET "/properties/postcode/addresss" for 127.0.0.1 at 2015-01-27 14:58:39 +0000
Processing by PropertiesController#show as HTML
  Parameters: {"postcode"=>"postcode", "address_string"=>"addresss"}
  Rendered properties/show.html.erb within layouts/application (1.1ms)
Completed 200 OK in 112ms (Views: 104.5ms | ActiveRecord: 0.0ms)


Started GET "/assets/properties-64e62ddc273c2f5847f30d698ca14b67.css?body=1" for 127.0.0.1 at 2015-01-27 14:58:39 +0000


Started GET "/assets/jquery-87424c3c19e96d4fb033c10ebe21ec40.js?body=1" for 127.0.0.1 at 2015-01-27 14:58:39 +0000


Started GET "/assets/jquery_ujs-e27bd20a10d28155845a22d71ef94f2f.js?body=1" for 127.0.0.1 at 2015-01-27 14:58:39 +0000


Started GET "/assets/scaffolds-f8d7cbcaae0d08b4fc112e6fc88b96ef.css?body=1" for 127.0.0.1 at 2015-01-27 14:58:39 +0000


Started GET "/assets/turbolinks-686d2bf7d9d383528c901c64187a8c31.js?body=1" for 127.0.0.1 at 2015-01-27 14:58:39 +0000


Started GET "/assets/properties-fcec5b5a277ac7c20cc9f45a209a3bcd.js?body=1" for 127.0.0.1 at 2015-01-27 14:58:39 +0000


Started GET "/properties/postcode/addresss" for 127.0.0.1 at 2015-01-27 15:00:36 +0000
Processing by PropertiesController#show as HTML
  Parameters: {"postcode"=>"postcode", "address_string"=>"addresss"}
  Rendered properties/show.html.erb within layouts/application (1.0ms)
Completed 200 OK in 107ms (Views: 99.5ms | ActiveRecord: 0.0ms)


Started GET "/assets/properties-64e62ddc273c2f5847f30d698ca14b67.css?body=1" for 127.0.0.1 at 2015-01-27 15:00:36 +0000


Started GET "/assets/jquery_ujs-e27bd20a10d28155845a22d71ef94f2f.js?body=1" for 127.0.0.1 at 2015-01-27 15:00:36 +0000


Started GET "/assets/scaffolds-f8d7cbcaae0d08b4fc112e6fc88b96ef.css?body=1" for 127.0.0.1 at 2015-01-27 15:00:36 +0000


Started GET "/assets/turbolinks-686d2bf7d9d383528c901c64187a8c31.js?body=1" for 127.0.0.1 at 2015-01-27 15:00:36 +0000


Started GET "/assets/properties-fcec5b5a277ac7c20cc9f45a209a3bcd.js?body=1" for 127.0.0.1 at 2015-01-27 15:00:36 +0000


Started GET "/assets/jquery-87424c3c19e96d4fb033c10ebe21ec40.js?body=1" for 127.0.0.1 at 2015-01-27 15:00:36 +0000
